[0.123s] Invoking command in '/home/nvidia/f1tenth_ws/build/pure_pursuit': CMAKE_PREFIX_PATH=${CMAKE_PREFIX_PATH}:/home/nvidia/f1tenth_ws/install/f1tenth_stack:/home/nvidia/f1tenth_ws/install/joy_teleop:/home/nvidia/f1tenth_ws/install/particle_filter:/home/nvidia/f1tenth_ws/install/mouse_teleop:/home/nvidia/f1tenth_ws/install/key_teleop:/home/nvidia/f1tenth_ws/install/f1tenth_gym_ros:/opt/ros/galactic /usr/bin/cmake /home/nvidia/f1tenth_ws/src/pure_pursuit -DAMENT_CMAKE_SYMLINK_INSTALL=1 -DCMAKE_INSTALL_PREFIX=/home/nvidia/f1tenth_ws/install/pure_pursuit
[0.631s] -- The C compiler identification is GNU 9.4.0
[1.051s] -- The CXX compiler identification is GNU 9.4.0
[1.087s] -- Check for working C compiler: /usr/bin/cc
[1.572s] -- Check for working C compiler: /usr/bin/cc -- works
[1.578s] -- Detecting C compiler ABI info
[2.041s] -- Detecting C compiler ABI info - done
[2.109s] -- Detecting C compile features
[2.111s] -- Detecting C compile features - done
[2.126s] -- Check for working CXX compiler: /usr/bin/c++
[2.636s] -- Check for working CXX compiler: /usr/bin/c++ -- works
[2.644s] -- Detecting CXX compiler ABI info
[3.158s] -- Detecting CXX compiler ABI info - done
[3.225s] -- Detecting CXX compile features
[3.228s] -- Detecting CXX compile features - done
[3.256s] -- Found ament_cmake: 1.1.6 (/opt/ros/galactic/share/ament_cmake/cmake)
[3.426s] -- Found PythonInterp: /usr/bin/python3 (found suitable version "3.8.10", minimum required is "3") 
[3.427s] -- Using PYTHON_EXECUTABLE: /usr/bin/python3
[3.735s] -- Override CMake install command with custom implementation using symlinks instead of copying resources
[4.018s] -- Found rclcpp: 9.2.2 (/opt/ros/galactic/share/rclcpp/cmake)
[4.429s] -- Using all available rosidl_typesupport_c: rosidl_typesupport_fastrtps_c;rosidl_typesupport_introspection_c
[4.500s] -- Found rosidl_adapter: 2.2.3 (/opt/ros/galactic/share/rosidl_adapter/cmake)
[5.143s] -- Found OpenSSL: /usr/lib/aarch64-linux-gnu/libcrypto.so (found version "1.1.1f")  
[5.314s] -- Found FastRTPS: /opt/ros/galactic/include  
[5.816s] -- Using all available rosidl_typesupport_cpp: rosidl_typesupport_fastrtps_cpp;rosidl_typesupport_introspection_cpp
[6.232s] -- Found rmw_implementation_cmake: 3.3.1 (/opt/ros/galactic/share/rmw_implementation_cmake/cmake)
[6.260s] -- Found rmw_cyclonedds_cpp: 0.22.6 (/opt/ros/galactic/share/rmw_cyclonedds_cpp/cmake)
[6.376s] -- Using RMW implementation 'rmw_cyclonedds_cpp' as default
[6.380s] -- Looking for pthread.h
[6.864s] -- Looking for pthread.h - found
[6.866s] -- Performing Test CMAKE_HAVE_LIBC_PTHREAD
[7.356s] -- Performing Test CMAKE_HAVE_LIBC_PTHREAD - Failed
[7.358s] -- Looking for pthread_create in pthreads
[7.761s] -- Looking for pthread_create in pthreads - not found
[7.762s] -- Looking for pthread_create in pthread
[8.222s] -- Looking for pthread_create in pthread - found
[8.231s] -- Found Threads: TRUE  
[9.081s] -- Found rclpy: 1.9.3 (/opt/ros/galactic/share/rclpy/cmake)
[9.099s] -- Found geometry_msgs: 2.2.4 (/opt/ros/galactic/share/geometry_msgs/cmake)
[9.278s] -- Found nav_msgs: 2.2.4 (/opt/ros/galactic/share/nav_msgs/cmake)
[9.617s] -- Found ackermann_msgs: 2.0.2 (/opt/ros/galactic/share/ackermann_msgs/cmake)
[9.792s] -- Found sensor_msgs: 2.2.4 (/opt/ros/galactic/share/sensor_msgs/cmake)
[10.125s] -- Found visualization_msgs: 2.2.4 (/opt/ros/galactic/share/visualization_msgs/cmake)
[10.479s] -- Found tf2_ros: 0.17.5 (/opt/ros/galactic/share/tf2_ros/cmake)
[14.187s] -- Found ament_lint_auto: 0.10.7 (/opt/ros/galactic/share/ament_lint_auto/cmake)
[14.705s] -- Added test 'copyright' to check source files copyright and LICENSE
[14.724s] -- Added test 'cppcheck' to perform static code analysis on C / C++ code
[14.726s] -- Configured cppcheck include dirs: /home/nvidia/f1tenth_ws/src/pure_pursuit/include
[14.726s] -- Configured cppcheck exclude dirs and/or files: 
[14.744s] -- Added test 'cpplint' to check C / C++ code against the Google style
[14.744s] -- Configured cpplint exclude dirs and/or files: 
[14.750s] -- Added test 'flake8' to check Python code syntax and style conventions
[14.757s] -- Added test 'lint_cmake' to check CMake code style
[14.763s] -- Added test 'pep257' to check Python code against some of the style conventions in PEP 257
[14.780s] -- Added test 'uncrustify' to check C / C++ code style
[14.781s] -- Configured uncrustify additional arguments: 
[14.786s] -- Added test 'xmllint' to check XML markup files
[14.823s] -- Configuring done
[14.931s] -- Generating done
[14.943s] -- Build files have been written to: /home/nvidia/f1tenth_ws/build/pure_pursuit
[14.997s] Invoked command in '/home/nvidia/f1tenth_ws/build/pure_pursuit' returned '0': CMAKE_PREFIX_PATH=${CMAKE_PREFIX_PATH}:/home/nvidia/f1tenth_ws/install/f1tenth_stack:/home/nvidia/f1tenth_ws/install/joy_teleop:/home/nvidia/f1tenth_ws/install/particle_filter:/home/nvidia/f1tenth_ws/install/mouse_teleop:/home/nvidia/f1tenth_ws/install/key_teleop:/home/nvidia/f1tenth_ws/install/f1tenth_gym_ros:/opt/ros/galactic /usr/bin/cmake /home/nvidia/f1tenth_ws/src/pure_pursuit -DAMENT_CMAKE_SYMLINK_INSTALL=1 -DCMAKE_INSTALL_PREFIX=/home/nvidia/f1tenth_ws/install/pure_pursuit
[15.017s] Invoking command in '/home/nvidia/f1tenth_ws/build/pure_pursuit': CMAKE_PREFIX_PATH=${CMAKE_PREFIX_PATH}:/home/nvidia/f1tenth_ws/install/f1tenth_stack:/home/nvidia/f1tenth_ws/install/joy_teleop:/home/nvidia/f1tenth_ws/install/particle_filter:/home/nvidia/f1tenth_ws/install/mouse_teleop:/home/nvidia/f1tenth_ws/install/key_teleop:/home/nvidia/f1tenth_ws/install/f1tenth_gym_ros:/opt/ros/galactic /usr/bin/cmake --build /home/nvidia/f1tenth_ws/build/pure_pursuit -- -j6 -l6
[15.293s] [35m[1mScanning dependencies of target ament_cmake_python_symlink_pure_pursuit[0m
[15.294s] [35m[1mScanning dependencies of target ament_cmake_python_symlink_pure_pursuit_setup[0m
[15.295s] [35m[1mScanning dependencies of target pure_pursuit_node[0m
[15.415s] [  0%] Built target ament_cmake_python_symlink_pure_pursuit
[15.417s] [  0%] Built target ament_cmake_python_symlink_pure_pursuit_setup
[15.488s] [35m[1mScanning dependencies of target ament_cmake_python_build_pure_pursuit_egg[0m
[15.795s] [ 50%] [32mBuilding CXX object CMakeFiles/pure_pursuit_node.dir/src/pure_pursuit_node.cpp.o[0m
[17.290s] /home/nvidia/.local/lib/python3.8/site-packages/setuptools/dist.py:771: UserWarning: Usage of dash-separated 'script-dir' will not be supported in future versions. Please use the underscore name 'script_dir' instead
[17.290s]   warnings.warn(
[17.293s] /home/nvidia/.local/lib/python3.8/site-packages/setuptools/dist.py:771: UserWarning: Usage of dash-separated 'install-scripts' will not be supported in future versions. Please use the underscore name 'install_scripts' instead
[17.293s]   warnings.warn(
[17.727s] running egg_info
[17.733s] creating pure_pursuit.egg-info
[17.836s] writing pure_pursuit.egg-info/PKG-INFO
[17.837s] writing dependency_links to pure_pursuit.egg-info/dependency_links.txt
[17.838s] writing top-level names to pure_pursuit.egg-info/top_level.txt
[17.846s] writing manifest file 'pure_pursuit.egg-info/SOURCES.txt'
[18.157s] reading manifest file 'pure_pursuit.egg-info/SOURCES.txt'
[18.160s] writing manifest file 'pure_pursuit.egg-info/SOURCES.txt'
[18.390s] [ 50%] Built target ament_cmake_python_build_pure_pursuit_egg
[29.808s] [01m[K/home/nvidia/f1tenth_ws/src/pure_pursuit/src/pure_pursuit_node.cpp:[m[K In member function â€˜[01m[Kvoid PurePursuit::pose_callback(nav_msgs::msg::Odometry_<std::allocator<void> >::ConstSharedPtr)[m[Kâ€™:
[29.809s] [01m[K/home/nvidia/f1tenth_ws/src/pure_pursuit/src/pure_pursuit_node.cpp:107:23:[m[K [01;35m[Kwarning: [m[Kcomparison of integer expressions of different signedness: â€˜[01m[Kint[m[Kâ€™ and â€˜[01m[Kstd::vector<std::vector<double, std::allocator<double> > >::size_type[m[Kâ€™ {aka â€˜[01m[Klong unsigned int[m[Kâ€™} [[01;35m[K-Wsign-compare[m[K]
[29.809s]   107 |         for(int i=0; [01;35m[Ki<waypoints.size()[m[K; ++i)
[29.810s]       |                      [01;35m[K~^~~~~~~~~~~~~~~~~[m[K
[29.891s] [01m[K/home/nvidia/f1tenth_ws/src/pure_pursuit/src/pure_pursuit_node.cpp:[m[K In member function â€˜[01m[Kvoid PurePursuit::visualize_path_points()[m[Kâ€™:
[29.892s] [01m[K/home/nvidia/f1tenth_ws/src/pure_pursuit/src/pure_pursuit_node.cpp:166:27:[m[K [01;31m[Kerror: [m[Kno match for â€˜[01m[Koperator=[m[Kâ€™ (operand types are â€˜[01m[Kvisualization_msgs::msg::Marker_<std::allocator<void> >::_lifetime_type[m[Kâ€™ {aka â€˜[01m[Kbuiltin_interfaces::msg::Duration_<std::allocator<void> >[m[Kâ€™} and â€˜[01m[Kint[m[Kâ€™)
[29.892s]   166 |         marker.lifetime = [01;31m[K10000[m[K;
[29.893s]       |                           [01;31m[K^~~~~[m[K
[29.893s] In file included from [01m[K/opt/ros/galactic/include/builtin_interfaces/msg/duration.hpp:7[m[K,
[29.894s]                  from [01m[K/opt/ros/galactic/include/rclcpp/duration.hpp:20[m[K,
[29.894s]                  from [01m[K/opt/ros/galactic/include/rclcpp/qos.hpp:20[m[K,
[29.895s]                  from [01m[K/opt/ros/galactic/include/rclcpp/node_interfaces/node_graph_interface.hpp:31[m[K,
[29.895s]                  from [01m[K/opt/ros/galactic/include/rclcpp/client.hpp:34[m[K,
[29.896s]                  from [01m[K/opt/ros/galactic/include/rclcpp/callback_group.hpp:23[m[K,
[29.896s]                  from [01m[K/opt/ros/galactic/include/rclcpp/any_executable.hpp:20[m[K,
[29.896s]                  from [01m[K/opt/ros/galactic/include/rclcpp/memory_strategy.hpp:25[m[K,
[29.897s]                  from [01m[K/opt/ros/galactic/include/rclcpp/memory_strategies.hpp:18[m[K,
[29.897s]                  from [01m[K/opt/ros/galactic/include/rclcpp/executor_options.hpp:20[m[K,
[29.898s]                  from [01m[K/opt/ros/galactic/include/rclcpp/executor.hpp:36[m[K,
[29.898s]                  from [01m[K/opt/ros/galactic/include/rclcpp/executors/multi_threaded_executor.hpp:26[m[K,
[29.899s]                  from [01m[K/opt/ros/galactic/include/rclcpp/executors.hpp:21[m[K,
[29.899s]                  from [01m[K/opt/ros/galactic/include/rclcpp/rclcpp.hpp:156[m[K,
[29.899s]                  from [01m[K/home/nvidia/f1tenth_ws/src/pure_pursuit/src/pure_pursuit_node.cpp:10[m[K:
[29.900s] [01m[K/opt/ros/galactic/include/builtin_interfaces/msg/detail/duration__struct.hpp:31:8:[m[K [01;36m[Knote: [m[Kcandidate: â€˜[01m[Kconstexpr builtin_interfaces::msg::Duration_<std::allocator<void> >& builtin_interfaces::msg::Duration_<std::allocator<void> >::operator=(const builtin_interfaces::msg::Duration_<std::allocator<void> >&)[m[Kâ€™
[29.900s]    31 | struct [01;36m[KDuration_[m[K
[29.901s]       |        [01;36m[K^~~~~~~~~[m[K
[29.901s] [01m[K/opt/ros/galactic/include/builtin_interfaces/msg/detail/duration__struct.hpp:31:8:[m[K [01;36m[Knote: [m[K  no known conversion for argument 1 from â€˜[01m[Kint[m[Kâ€™ to â€˜[01m[Kconst builtin_interfaces::msg::Duration_<std::allocator<void> >&[m[Kâ€™
[29.902s] [01m[K/opt/ros/galactic/include/builtin_interfaces/msg/detail/duration__struct.hpp:31:8:[m[K [01;36m[Knote: [m[Kcandidate: â€˜[01m[Kconstexpr builtin_interfaces::msg::Duration_<std::allocator<void> >& builtin_interfaces::msg::Duration_<std::allocator<void> >::operator=(builtin_interfaces::msg::Duration_<std::allocator<void> >&&)[m[Kâ€™
[29.902s] [01m[K/opt/ros/galactic/include/builtin_interfaces/msg/detail/duration__struct.hpp:31:8:[m[K [01;36m[Knote: [m[K  no known conversion for argument 1 from â€˜[01m[Kint[m[Kâ€™ to â€˜[01m[Kbuiltin_interfaces::msg::Duration_<std::allocator<void> >&&[m[Kâ€™
[29.903s] [01m[K/home/nvidia/f1tenth_ws/src/pure_pursuit/src/pure_pursuit_node.cpp:173:23:[m[K [01;35m[Kwarning: [m[Kcomparison of integer expressions of different signedness: â€˜[01m[Kint[m[Kâ€™ and â€˜[01m[Kstd::vector<std::vector<double, std::allocator<double> > >::size_type[m[Kâ€™ {aka â€˜[01m[Klong unsigned int[m[Kâ€™} [[01;35m[K-Wsign-compare[m[K]
[29.903s]   173 |         for(int i=0; [01;35m[Ki<waypoints.size()[m[K; ++i)
[29.903s]       |                      [01;35m[K~^~~~~~~~~~~~~~~~~[m[K
[41.358s] make[2]: *** [CMakeFiles/pure_pursuit_node.dir/build.make:63: CMakeFiles/pure_pursuit_node.dir/src/pure_pursuit_node.cpp.o] Error 1
[41.360s] make[1]: *** [CMakeFiles/Makefile2:164: CMakeFiles/pure_pursuit_node.dir/all] Error 2
[41.361s] make: *** [Makefile:141: all] Error 2
[41.373s] Invoked command in '/home/nvidia/f1tenth_ws/build/pure_pursuit' returned '2': CMAKE_PREFIX_PATH=${CMAKE_PREFIX_PATH}:/home/nvidia/f1tenth_ws/install/f1tenth_stack:/home/nvidia/f1tenth_ws/install/joy_teleop:/home/nvidia/f1tenth_ws/install/particle_filter:/home/nvidia/f1tenth_ws/install/mouse_teleop:/home/nvidia/f1tenth_ws/install/key_teleop:/home/nvidia/f1tenth_ws/install/f1tenth_gym_ros:/opt/ros/galactic /usr/bin/cmake --build /home/nvidia/f1tenth_ws/build/pure_pursuit -- -j6 -l6
