[0.241s] Invoking command in '/home/nvidia/f1tenth_ws/build/pure_pursuit': CMAKE_PREFIX_PATH=${CMAKE_PREFIX_PATH}:/home/nvidia/f1tenth_ws/install/f1tenth_stack:/home/nvidia/f1tenth_ws/install/joy_teleop:/home/nvidia/f1tenth_ws/install/particle_filter:/home/nvidia/f1tenth_ws/install/mouse_teleop:/home/nvidia/f1tenth_ws/install/key_teleop:/home/nvidia/f1tenth_ws/install/f1tenth_gym_ros:/opt/ros/galactic /usr/bin/cmake /home/nvidia/f1tenth_ws/src/pure_pursuit -DCMAKE_INSTALL_PREFIX=/home/nvidia/f1tenth_ws/install/pure_pursuit
[1.356s] -- The C compiler identification is GNU 9.4.0
[2.411s] -- The CXX compiler identification is GNU 9.4.0
[2.582s] -- Check for working C compiler: /usr/bin/cc
[3.746s] -- Check for working C compiler: /usr/bin/cc -- works
[3.753s] -- Detecting C compiler ABI info
[4.746s] -- Detecting C compiler ABI info - done
[4.880s] -- Detecting C compile features
[4.884s] -- Detecting C compile features - done
[4.919s] -- Check for working CXX compiler: /usr/bin/c++
[6.054s] -- Check for working CXX compiler: /usr/bin/c++ -- works
[6.063s] -- Detecting CXX compiler ABI info
[7.899s] -- Detecting CXX compiler ABI info - done
[8.086s] -- Detecting CXX compile features
[8.090s] -- Detecting CXX compile features - done
[8.133s] -- Found ament_cmake: 1.1.6 (/opt/ros/galactic/share/ament_cmake/cmake)
[8.488s] -- Found PythonInterp: /usr/bin/python3 (found suitable version "3.8.10", minimum required is "3") 
[8.489s] -- Using PYTHON_EXECUTABLE: /usr/bin/python3
[9.588s] -- Found rclcpp: 9.2.2 (/opt/ros/galactic/share/rclcpp/cmake)
[10.479s] -- Using all available rosidl_typesupport_c: rosidl_typesupport_fastrtps_c;rosidl_typesupport_introspection_c
[10.594s] -- Found rosidl_adapter: 2.2.3 (/opt/ros/galactic/share/rosidl_adapter/cmake)
[12.481s] -- Found OpenSSL: /usr/lib/aarch64-linux-gnu/libcrypto.so (found version "1.1.1f")  
[13.208s] -- Found FastRTPS: /opt/ros/galactic/include  
[14.574s] -- Using all available rosidl_typesupport_cpp: rosidl_typesupport_fastrtps_cpp;rosidl_typesupport_introspection_cpp
[15.971s] -- Found rmw_implementation_cmake: 3.3.1 (/opt/ros/galactic/share/rmw_implementation_cmake/cmake)
[16.111s] -- Found rmw_cyclonedds_cpp: 0.22.6 (/opt/ros/galactic/share/rmw_cyclonedds_cpp/cmake)
[16.315s] -- Using RMW implementation 'rmw_cyclonedds_cpp' as default
[16.321s] -- Looking for pthread.h
[17.339s] -- Looking for pthread.h - found
[17.349s] -- Performing Test CMAKE_HAVE_LIBC_PTHREAD
[18.505s] -- Performing Test CMAKE_HAVE_LIBC_PTHREAD - Failed
[18.522s] -- Looking for pthread_create in pthreads
[19.849s] -- Looking for pthread_create in pthreads - not found
[19.850s] -- Looking for pthread_create in pthread
[20.942s] -- Looking for pthread_create in pthread - found
[20.949s] -- Found Threads: TRUE  
[22.526s] -- Found rclpy: 1.9.3 (/opt/ros/galactic/share/rclpy/cmake)
[22.559s] -- Found geometry_msgs: 2.2.4 (/opt/ros/galactic/share/geometry_msgs/cmake)
[23.077s] -- Found nav_msgs: 2.2.4 (/opt/ros/galactic/share/nav_msgs/cmake)
[23.739s] -- Found ackermann_msgs: 2.0.2 (/opt/ros/galactic/share/ackermann_msgs/cmake)
[23.950s] -- Found sensor_msgs: 2.2.4 (/opt/ros/galactic/share/sensor_msgs/cmake)
[24.590s] -- Found visualization_msgs: 2.2.4 (/opt/ros/galactic/share/visualization_msgs/cmake)
[25.627s] -- Found tf2_ros: 0.17.5 (/opt/ros/galactic/share/tf2_ros/cmake)
[34.235s] -- Found ament_lint_auto: 0.10.7 (/opt/ros/galactic/share/ament_lint_auto/cmake)
[35.750s] -- Added test 'copyright' to check source files copyright and LICENSE
[35.772s] -- Added test 'cppcheck' to perform static code analysis on C / C++ code
[35.777s] -- Configured cppcheck include dirs: /home/nvidia/f1tenth_ws/src/pure_pursuit/include
[35.778s] -- Configured cppcheck exclude dirs and/or files: 
[35.806s] -- Added test 'cpplint' to check C / C++ code against the Google style
[35.807s] -- Configured cpplint exclude dirs and/or files: 
[35.815s] -- Added test 'flake8' to check Python code syntax and style conventions
[35.824s] -- Added test 'lint_cmake' to check CMake code style
[35.833s] -- Added test 'pep257' to check Python code against some of the style conventions in PEP 257
[35.854s] -- Added test 'uncrustify' to check C / C++ code style
[35.854s] -- Configured uncrustify additional arguments: 
[35.861s] -- Added test 'xmllint' to check XML markup files
[35.907s] -- Configuring done
[36.100s] -- Generating done
[36.166s] -- Build files have been written to: /home/nvidia/f1tenth_ws/build/pure_pursuit
[36.356s] Invoked command in '/home/nvidia/f1tenth_ws/build/pure_pursuit' returned '0': CMAKE_PREFIX_PATH=${CMAKE_PREFIX_PATH}:/home/nvidia/f1tenth_ws/install/f1tenth_stack:/home/nvidia/f1tenth_ws/install/joy_teleop:/home/nvidia/f1tenth_ws/install/particle_filter:/home/nvidia/f1tenth_ws/install/mouse_teleop:/home/nvidia/f1tenth_ws/install/key_teleop:/home/nvidia/f1tenth_ws/install/f1tenth_gym_ros:/opt/ros/galactic /usr/bin/cmake /home/nvidia/f1tenth_ws/src/pure_pursuit -DCMAKE_INSTALL_PREFIX=/home/nvidia/f1tenth_ws/install/pure_pursuit
[36.376s] Invoking command in '/home/nvidia/f1tenth_ws/build/pure_pursuit': CMAKE_PREFIX_PATH=${CMAKE_PREFIX_PATH}:/home/nvidia/f1tenth_ws/install/f1tenth_stack:/home/nvidia/f1tenth_ws/install/joy_teleop:/home/nvidia/f1tenth_ws/install/particle_filter:/home/nvidia/f1tenth_ws/install/mouse_teleop:/home/nvidia/f1tenth_ws/install/key_teleop:/home/nvidia/f1tenth_ws/install/f1tenth_gym_ros:/opt/ros/galactic /usr/bin/cmake --build /home/nvidia/f1tenth_ws/build/pure_pursuit -- -j6 -l6
[36.748s] -- Found ament_cmake: 1.1.6 (/opt/ros/galactic/share/ament_cmake/cmake)
[36.999s] -- Using PYTHON_EXECUTABLE: /usr/bin/python3
[37.614s] -- Found rclcpp: 9.2.2 (/opt/ros/galactic/share/rclcpp/cmake)
[38.282s] -- Using all available rosidl_typesupport_c: rosidl_typesupport_fastrtps_c;rosidl_typesupport_introspection_c
[38.304s] -- Found rosidl_adapter: 2.2.3 (/opt/ros/galactic/share/rosidl_adapter/cmake)
[39.847s] -- Using all available rosidl_typesupport_cpp: rosidl_typesupport_fastrtps_cpp;rosidl_typesupport_introspection_cpp
[40.336s] -- Found rmw_implementation_cmake: 3.3.1 (/opt/ros/galactic/share/rmw_implementation_cmake/cmake)
[40.352s] -- Found rmw_cyclonedds_cpp: 0.22.6 (/opt/ros/galactic/share/rmw_cyclonedds_cpp/cmake)
[40.463s] -- Using RMW implementation 'rmw_cyclonedds_cpp' as default
[41.693s] -- Found rclpy: 1.9.3 (/opt/ros/galactic/share/rclpy/cmake)
[41.695s] -- Found geometry_msgs: 2.2.4 (/opt/ros/galactic/share/geometry_msgs/cmake)
[42.131s] -- Found nav_msgs: 2.2.4 (/opt/ros/galactic/share/nav_msgs/cmake)
[42.911s] -- Found ackermann_msgs: 2.0.2 (/opt/ros/galactic/share/ackermann_msgs/cmake)
[43.442s] -- Found sensor_msgs: 2.2.4 (/opt/ros/galactic/share/sensor_msgs/cmake)
[44.574s] -- Found visualization_msgs: 2.2.4 (/opt/ros/galactic/share/visualization_msgs/cmake)
[45.642s] -- Found tf2_ros: 0.17.5 (/opt/ros/galactic/share/tf2_ros/cmake)
[49.610s] -- Found ament_lint_auto: 0.10.7 (/opt/ros/galactic/share/ament_lint_auto/cmake)
[50.551s] -- Added test 'copyright' to check source files copyright and LICENSE
[50.575s] -- Added test 'cppcheck' to perform static code analysis on C / C++ code
[50.579s] -- Configured cppcheck include dirs: /home/nvidia/f1tenth_ws/src/pure_pursuit/include
[50.580s] -- Configured cppcheck exclude dirs and/or files: 
[50.606s] -- Added test 'cpplint' to check C / C++ code against the Google style
[50.607s] -- Configured cpplint exclude dirs and/or files: 
[50.614s] -- Added test 'flake8' to check Python code syntax and style conventions
[50.621s] -- Added test 'lint_cmake' to check CMake code style
[50.647s] -- Added test 'pep257' to check Python code against some of the style conventions in PEP 257
[50.714s] -- Added test 'uncrustify' to check C / C++ code style
[50.714s] -- Configured uncrustify additional arguments: 
[50.719s] -- Added test 'xmllint' to check XML markup files
[50.788s] -- Configuring done
[51.284s] -- Generating done
[51.324s] -- Build files have been written to: /home/nvidia/f1tenth_ws/build/pure_pursuit
[51.678s] [35m[1mScanning dependencies of target ament_cmake_python_copy_pure_pursuit[0m
[52.128s] [  0%] Built target ament_cmake_python_copy_pure_pursuit
[52.292s] [35m[1mScanning dependencies of target pure_pursuit_node[0m
[53.747s] [ 50%] [32mBuilding CXX object CMakeFiles/pure_pursuit_node.dir/src/pure_pursuit_node.cpp.o[0m
[86.442s] [01m[K/home/nvidia/f1tenth_ws/src/pure_pursuit/src/pure_pursuit_node.cpp:[m[K In member function â€˜[01m[Kvoid PurePursuit::scan_callback(sensor_msgs::msg::LaserScan_<std::allocator<void> >::ConstSharedPtr)[m[Kâ€™:
[86.444s] [01m[K/home/nvidia/f1tenth_ws/src/pure_pursuit/src/pure_pursuit_node.cpp:108:23:[m[K [01;35m[Kwarning: [m[Kcomparison of integer expressions of different signedness: â€˜[01m[Kint[m[Kâ€™ and â€˜[01m[Kstd::vector<float>::size_type[m[Kâ€™ {aka â€˜[01m[Klong unsigned int[m[Kâ€™} [[01;35m[K-Wsign-compare[m[K]
[86.446s]   108 |         for (int i=0;[01;35m[Ki<ranges.size()[m[K;i++){
[86.447s]       |                      [01;35m[K~^~~~~~~~~~~~~~[m[K
[86.447s] [01m[K/home/nvidia/f1tenth_ws/src/pure_pursuit/src/pure_pursuit_node.cpp:112:17:[m[K [01;31m[Kerror: [m[Kexpected â€˜[01m[K,[m[Kâ€™ or â€˜[01m[K;[m[Kâ€™ before â€˜[01m[Kfloat[m[Kâ€™
[86.447s]   112 |                 [01;31m[Kfloat[m[K ttc = ranges[i]/vel;
[86.448s]       |                 [01;31m[K^~~~~[m[K
[86.528s] In file included from [01m[K/opt/ros/galactic/include/rclcpp/client.hpp:40[m[K,
[86.529s]                  from [01m[K/opt/ros/galactic/include/rclcpp/callback_group.hpp:23[m[K,
[86.530s]                  from [01m[K/opt/ros/galactic/include/rclcpp/any_executable.hpp:20[m[K,
[86.530s]                  from [01m[K/opt/ros/galactic/include/rclcpp/memory_strategy.hpp:25[m[K,
[86.531s]                  from [01m[K/opt/ros/galactic/include/rclcpp/memory_strategies.hpp:18[m[K,
[86.532s]                  from [01m[K/opt/ros/galactic/include/rclcpp/executor_options.hpp:20[m[K,
[86.532s]                  from [01m[K/opt/ros/galactic/include/rclcpp/executor.hpp:36[m[K,
[86.533s]                  from [01m[K/opt/ros/galactic/include/rclcpp/executors/multi_threaded_executor.hpp:26[m[K,
[86.534s]                  from [01m[K/opt/ros/galactic/include/rclcpp/executors.hpp:21[m[K,
[86.534s]                  from [01m[K/opt/ros/galactic/include/rclcpp/rclcpp.hpp:156[m[K,
[86.535s]                  from [01m[K/home/nvidia/f1tenth_ws/src/pure_pursuit/src/pure_pursuit_node.cpp:10[m[K:
[86.536s] [01m[K/home/nvidia/f1tenth_ws/src/pure_pursuit/src/pure_pursuit_node.cpp:114:74:[m[K [01;31m[Kerror: [m[Kâ€˜[01m[Kttc[m[Kâ€™ was not declared in this scope
[86.536s]   114 | LCPP_INFO(this->get_logger(), "Slowing down to: '%f'", [01;31m[Kttc[m[K);
[86.537s]       |                                                        [01;31m[K^~~[m[K
[86.537s] 
[86.543s] [01m[K/home/nvidia/f1tenth_ws/src/pure_pursuit/src/pure_pursuit_node.cpp:115:21:[m[K [01;31m[Kerror: [m[Kâ€˜[01m[Kttc[m[Kâ€™ was not declared in this scope
[86.544s]   115 |                 if ([01;31m[Kttc[m[K<ttc_threshold){
[86.545s]       |                     [01;31m[K^~~[m[K
[86.659s] [01m[K/home/nvidia/f1tenth_ws/src/pure_pursuit/src/pure_pursuit_node.cpp:111:23:[m[K [01;35m[Kwarning: [m[Kunused variable â€˜[01m[Kvel[m[Kâ€™ [[01;35m[K-Wunused-variable[m[K]
[86.659s]   111 |                 float [01;35m[Kvel[m[K = max(velocity*cos(angle),0.001)
[86.660s]       |                       [01;35m[K^~~[m[K
[86.749s] [01m[K/home/nvidia/f1tenth_ws/src/pure_pursuit/src/pure_pursuit_node.cpp:[m[K In member function â€˜[01m[Kvoid PurePursuit::pose_callback(nav_msgs::msg::Odometry_<std::allocator<void> >::ConstSharedPtr)[m[Kâ€™:
[86.752s] [01m[K/home/nvidia/f1tenth_ws/src/pure_pursuit/src/pure_pursuit_node.cpp:147:23:[m[K [01;35m[Kwarning: [m[Kcomparison of integer expressions of different signedness: â€˜[01m[Kint[m[Kâ€™ and â€˜[01m[Kstd::vector<std::vector<double, std::allocator<double> > >::size_type[m[Kâ€™ {aka â€˜[01m[Klong unsigned int[m[Kâ€™} [[01;35m[K-Wsign-compare[m[K]
[86.758s]   147 |         for(int i=0; [01;35m[Ki<waypoints.size()[m[K; ++i)
[86.759s]       |                      [01;35m[K~^~~~~~~~~~~~~~~~~[m[K
[86.810s] [01m[K/home/nvidia/f1tenth_ws/src/pure_pursuit/src/pure_pursuit_node.cpp:[m[K In member function â€˜[01m[Kvoid PurePursuit::visualize_path_points()[m[Kâ€™:
[86.812s] [01m[K/home/nvidia/f1tenth_ws/src/pure_pursuit/src/pure_pursuit_node.cpp:211:23:[m[K [01;35m[Kwarning: [m[Kcomparison of integer expressions of different signedness: â€˜[01m[Kint[m[Kâ€™ and â€˜[01m[Kstd::vector<std::vector<double, std::allocator<double> > >::size_type[m[Kâ€™ {aka â€˜[01m[Klong unsigned int[m[Kâ€™} [[01;35m[K-Wsign-compare[m[K]
[86.813s]   211 |         for(int i=0; [01;35m[Ki<waypoints.size()[m[K; ++i)
[86.814s]       |                      [01;35m[K~^~~~~~~~~~~~~~~~~[m[K
[121.275s] make[2]: *** [CMakeFiles/pure_pursuit_node.dir/build.make:63: CMakeFiles/pure_pursuit_node.dir/src/pure_pursuit_node.cpp.o] Error 1
[121.279s] make[1]: *** [CMakeFiles/Makefile2:164: CMakeFiles/pure_pursuit_node.dir/all] Error 2
[121.280s] make: *** [Makefile:141: all] Error 2
[121.302s] Invoked command in '/home/nvidia/f1tenth_ws/build/pure_pursuit' returned '2': CMAKE_PREFIX_PATH=${CMAKE_PREFIX_PATH}:/home/nvidia/f1tenth_ws/install/f1tenth_stack:/home/nvidia/f1tenth_ws/install/joy_teleop:/home/nvidia/f1tenth_ws/install/particle_filter:/home/nvidia/f1tenth_ws/install/mouse_teleop:/home/nvidia/f1tenth_ws/install/key_teleop:/home/nvidia/f1tenth_ws/install/f1tenth_gym_ros:/opt/ros/galactic /usr/bin/cmake --build /home/nvidia/f1tenth_ws/build/pure_pursuit -- -j6 -l6
