-- The C compiler identification is GNU 9.4.0
-- The CXX compiler identification is GNU 9.4.0
-- Check for working C compiler: /usr/bin/cc
-- Check for working C compiler: /usr/bin/cc -- works
-- Detecting C compiler ABI info
-- Detecting C compiler ABI info - done
-- Detecting C compile features
-- Detecting C compile features - done
-- Check for working CXX compiler: /usr/bin/c++
-- Check for working CXX compiler: /usr/bin/c++ -- works
-- Detecting CXX compiler ABI info
-- Detecting CXX compiler ABI info - done
-- Detecting CXX compile features
-- Detecting CXX compile features - done
-- Found ament_cmake: 1.1.6 (/opt/ros/galactic/share/ament_cmake/cmake)
-- Found PythonInterp: /usr/bin/python3 (found suitable version "3.8.10", minimum required is "3") 
-- Using PYTHON_EXECUTABLE: /usr/bin/python3
-- Found rclcpp: 9.2.2 (/opt/ros/galactic/share/rclcpp/cmake)
-- Using all available rosidl_typesupport_c: rosidl_typesupport_fastrtps_c;rosidl_typesupport_introspection_c
-- Found rosidl_adapter: 2.2.3 (/opt/ros/galactic/share/rosidl_adapter/cmake)
-- Found OpenSSL: /usr/lib/aarch64-linux-gnu/libcrypto.so (found version "1.1.1f")  
-- Found FastRTPS: /opt/ros/galactic/include  
-- Using all available rosidl_typesupport_cpp: rosidl_typesupport_fastrtps_cpp;rosidl_typesupport_introspection_cpp
-- Found rmw_implementation_cmake: 3.3.1 (/opt/ros/galactic/share/rmw_implementation_cmake/cmake)
-- Found rmw_cyclonedds_cpp: 0.22.6 (/opt/ros/galactic/share/rmw_cyclonedds_cpp/cmake)
-- Using RMW implementation 'rmw_cyclonedds_cpp' as default
-- Looking for pthread.h
-- Looking for pthread.h - found
-- Performing Test CMAKE_HAVE_LIBC_PTHREAD
-- Performing Test CMAKE_HAVE_LIBC_PTHREAD - Failed
-- Looking for pthread_create in pthreads
-- Looking for pthread_create in pthreads - not found
-- Looking for pthread_create in pthread
-- Looking for pthread_create in pthread - found
-- Found Threads: TRUE  
-- Found rclpy: 1.9.3 (/opt/ros/galactic/share/rclpy/cmake)
-- Found geometry_msgs: 2.2.4 (/opt/ros/galactic/share/geometry_msgs/cmake)
-- Found nav_msgs: 2.2.4 (/opt/ros/galactic/share/nav_msgs/cmake)
-- Found ackermann_msgs: 2.0.2 (/opt/ros/galactic/share/ackermann_msgs/cmake)
-- Found sensor_msgs: 2.2.4 (/opt/ros/galactic/share/sensor_msgs/cmake)
-- Found visualization_msgs: 2.2.4 (/opt/ros/galactic/share/visualization_msgs/cmake)
-- Found tf2_ros: 0.17.5 (/opt/ros/galactic/share/tf2_ros/cmake)
-- Found ament_lint_auto: 0.10.7 (/opt/ros/galactic/share/ament_lint_auto/cmake)
-- Added test 'copyright' to check source files copyright and LICENSE
-- Added test 'cppcheck' to perform static code analysis on C / C++ code
-- Configured cppcheck include dirs: /home/nvidia/f1tenth_ws/src/pure_pursuit/include
-- Configured cppcheck exclude dirs and/or files: 
-- Added test 'cpplint' to check C / C++ code against the Google style
-- Configured cpplint exclude dirs and/or files: 
-- Added test 'flake8' to check Python code syntax and style conventions
-- Added test 'lint_cmake' to check CMake code style
-- Added test 'pep257' to check Python code against some of the style conventions in PEP 257
-- Added test 'uncrustify' to check C / C++ code style
-- Configured uncrustify additional arguments: 
-- Added test 'xmllint' to check XML markup files
-- Configuring done
-- Generating done
-- Build files have been written to: /home/nvidia/f1tenth_ws/build/pure_pursuit
-- Found ament_cmake: 1.1.6 (/opt/ros/galactic/share/ament_cmake/cmake)
-- Using PYTHON_EXECUTABLE: /usr/bin/python3
-- Found rclcpp: 9.2.2 (/opt/ros/galactic/share/rclcpp/cmake)
-- Using all available rosidl_typesupport_c: rosidl_typesupport_fastrtps_c;rosidl_typesupport_introspection_c
-- Found rosidl_adapter: 2.2.3 (/opt/ros/galactic/share/rosidl_adapter/cmake)
-- Using all available rosidl_typesupport_cpp: rosidl_typesupport_fastrtps_cpp;rosidl_typesupport_introspection_cpp
-- Found rmw_implementation_cmake: 3.3.1 (/opt/ros/galactic/share/rmw_implementation_cmake/cmake)
-- Found rmw_cyclonedds_cpp: 0.22.6 (/opt/ros/galactic/share/rmw_cyclonedds_cpp/cmake)
-- Using RMW implementation 'rmw_cyclonedds_cpp' as default
-- Found rclpy: 1.9.3 (/opt/ros/galactic/share/rclpy/cmake)
-- Found geometry_msgs: 2.2.4 (/opt/ros/galactic/share/geometry_msgs/cmake)
-- Found nav_msgs: 2.2.4 (/opt/ros/galactic/share/nav_msgs/cmake)
-- Found ackermann_msgs: 2.0.2 (/opt/ros/galactic/share/ackermann_msgs/cmake)
-- Found sensor_msgs: 2.2.4 (/opt/ros/galactic/share/sensor_msgs/cmake)
-- Found visualization_msgs: 2.2.4 (/opt/ros/galactic/share/visualization_msgs/cmake)
-- Found tf2_ros: 0.17.5 (/opt/ros/galactic/share/tf2_ros/cmake)
-- Found ament_lint_auto: 0.10.7 (/opt/ros/galactic/share/ament_lint_auto/cmake)
-- Added test 'copyright' to check source files copyright and LICENSE
-- Added test 'cppcheck' to perform static code analysis on C / C++ code
-- Configured cppcheck include dirs: /home/nvidia/f1tenth_ws/src/pure_pursuit/include
-- Configured cppcheck exclude dirs and/or files: 
-- Added test 'cpplint' to check C / C++ code against the Google style
-- Configured cpplint exclude dirs and/or files: 
-- Added test 'flake8' to check Python code syntax and style conventions
-- Added test 'lint_cmake' to check CMake code style
-- Added test 'pep257' to check Python code against some of the style conventions in PEP 257
-- Added test 'uncrustify' to check C / C++ code style
-- Configured uncrustify additional arguments: 
-- Added test 'xmllint' to check XML markup files
-- Configuring done
-- Generating done
-- Build files have been written to: /home/nvidia/f1tenth_ws/build/pure_pursuit
[35m[1mScanning dependencies of target ament_cmake_python_copy_pure_pursuit[0m
[35m[1mScanning dependencies of target ament_cmake_python_copy_pure_pursuit_setup[0m
[35m[1mScanning dependencies of target pure_pursuit_node[0m
[  0%] Built target ament_cmake_python_copy_pure_pursuit
[  0%] Built target ament_cmake_python_copy_pure_pursuit_setup
[35m[1mScanning dependencies of target ament_cmake_python_build_pure_pursuit_egg[0m
[ 50%] [32mBuilding CXX object CMakeFiles/pure_pursuit_node.dir/src/pure_pursuit_node.cpp.o[0m
/home/nvidia/.local/lib/python3.8/site-packages/setuptools/dist.py:771: UserWarning: Usage of dash-separated 'script-dir' will not be supported in future versions. Please use the underscore name 'script_dir' instead
  warnings.warn(
/home/nvidia/.local/lib/python3.8/site-packages/setuptools/dist.py:771: UserWarning: Usage of dash-separated 'install-scripts' will not be supported in future versions. Please use the underscore name 'install_scripts' instead
  warnings.warn(
running egg_info
creating pure_pursuit.egg-info
writing pure_pursuit.egg-info/PKG-INFO
writing dependency_links to pure_pursuit.egg-info/dependency_links.txt
writing top-level names to pure_pursuit.egg-info/top_level.txt
writing manifest file 'pure_pursuit.egg-info/SOURCES.txt'
reading manifest file 'pure_pursuit.egg-info/SOURCES.txt'
writing manifest file 'pure_pursuit.egg-info/SOURCES.txt'
[ 50%] Built target ament_cmake_python_build_pure_pursuit_egg
[01m[K/home/nvidia/f1tenth_ws/src/pure_pursuit/src/pure_pursuit_node.cpp:[m[K In member function â€˜[01m[Kvoid PurePursuit::scan_callback(sensor_msgs::msg::LaserScan_<std::allocator<void> >::ConstSharedPtr)[m[Kâ€™:
[01m[K/home/nvidia/f1tenth_ws/src/pure_pursuit/src/pure_pursuit_node.cpp:121:23:[m[K [01;35m[Kwarning: [m[Kcomparison of integer expressions of different signedness: â€˜[01m[Kint[m[Kâ€™ and â€˜[01m[Kstd::vector<float>::size_type[m[Kâ€™ {aka â€˜[01m[Klong unsigned int[m[Kâ€™} [[01;35m[K-Wsign-compare[m[K]
  121 |         for (int i=0;[01;35m[Ki<ranges.size()[m[K;i++){
      |                      [01;35m[K~^~~~~~~~~~~~~~[m[K
[01m[K/home/nvidia/f1tenth_ws/src/pure_pursuit/src/pure_pursuit_node.cpp:[m[K In member function â€˜[01m[Kvoid PurePursuit::publish_gap_follow(std::vector<float>)[m[Kâ€™:
[01m[K/home/nvidia/f1tenth_ws/src/pure_pursuit/src/pure_pursuit_node.cpp:161:22:[m[K [01;35m[Kwarning: [m[Kcomparison of integer expressions of different signedness: â€˜[01m[Kint[m[Kâ€™ and â€˜[01m[Kstd::vector<float>::size_type[m[Kâ€™ {aka â€˜[01m[Klong unsigned int[m[Kâ€™} [[01;35m[K-Wsign-compare[m[K]
  161 |         for(int i=1;[01;35m[Ki<ranges.size()[m[K;i++){
      |                     [01;35m[K~^~~~~~~~~~~~~~[m[K
[01m[K/home/nvidia/f1tenth_ws/src/pure_pursuit/src/pure_pursuit_node.cpp:169:23:[m[K [01;35m[Kwarning: [m[Kcomparison of integer expressions of different signedness: â€˜[01m[Kint[m[Kâ€™ and â€˜[01m[Kstd::vector<float>::size_type[m[Kâ€™ {aka â€˜[01m[Klong unsigned int[m[Kâ€™} [[01;35m[K-Wsign-compare[m[K]
  169 |         for (int i=1;[01;35m[Ki<ranges.size()[m[K;i++){
      |                      [01;35m[K~^~~~~~~~~~~~~~[m[K
[01m[K/home/nvidia/f1tenth_ws/src/pure_pursuit/src/pure_pursuit_node.cpp:181:23:[m[K [01;35m[Kwarning: [m[Kcomparison of integer expressions of different signedness: â€˜[01m[Kint[m[Kâ€™ and â€˜[01m[Kstd::vector<float>::size_type[m[Kâ€™ {aka â€˜[01m[Klong unsigned int[m[Kâ€™} [[01;35m[K-Wsign-compare[m[K]
  181 |         for (int i=0;[01;35m[Ki<ranges.size()[m[K;i++){
      |                      [01;35m[K~^~~~~~~~~~~~~~[m[K
[01m[K/home/nvidia/f1tenth_ws/src/pure_pursuit/src/pure_pursuit_node.cpp:190:9:[m[K [01;31m[Kerror: [m[Kâ€˜[01m[Kdrive_angle[m[Kâ€™ was not declared in this scope
  190 |         [01;31m[Kdrive_angle[m[K = angle_max - longest_idx*0.00435;
      |         [01;31m[K^~~~~~~~~~~[m[K
[01m[K/home/nvidia/f1tenth_ws/src/pure_pursuit/src/pure_pursuit_node.cpp:243:45:[m[K [01;31m[Kerror: [m[Kâ€˜[01m[Kangle[m[Kâ€™ was not declared in this scope; did you mean â€˜[01m[Ktf2::angle[m[Kâ€™?
  243 |         float velocity = top_velocity * cos([01;31m[Kangle[m[K);
      |                                             [01;31m[K^~~~~[m[K
      |                                             [32m[Ktf2::angle[m[K
In file included from [01m[K/opt/ros/galactic/include/tf2/LinearMath/Matrix3x3.h:20[m[K,
                 from [01m[K/home/nvidia/f1tenth_ws/src/pure_pursuit/src/pure_pursuit_node.cpp:17[m[K:
[01m[K/opt/ros/galactic/include/tf2/LinearMath/Quaternion.h:410:1:[m[K [01;36m[Knote: [m[Kâ€˜[01m[Ktf2::angle[m[Kâ€™ declared here
  410 | [01;36m[Kangle[m[K(const Quaternion& q1, const Quaternion& q2)
      | [01;36m[K^~~~~[m[K
[01m[K/home/nvidia/f1tenth_ws/src/pure_pursuit/src/pure_pursuit_node.cpp:153:15:[m[K [01;35m[Kwarning: [m[Kunused variable â€˜[01m[Kmax_gap_dist[m[Kâ€™ [[01;35m[K-Wunused-variable[m[K]
  153 |         float [01;35m[Kmax_gap_dist[m[K = 2.0;
      |               [01;35m[K^~~~~~~~~~~~[m[K
[01m[K/home/nvidia/f1tenth_ws/src/pure_pursuit/src/pure_pursuit_node.cpp:[m[K In member function â€˜[01m[Kvoid PurePursuit::check_pure_pursuit()[m[Kâ€™:
[01m[K/home/nvidia/f1tenth_ws/src/pure_pursuit/src/pure_pursuit_node.cpp:258:23:[m[K [01;35m[Kwarning: [m[Kcomparison of integer expressions of different signedness: â€˜[01m[Kint[m[Kâ€™ and â€˜[01m[Kstd::vector<std::vector<double, std::allocator<double> > >::size_type[m[Kâ€™ {aka â€˜[01m[Klong unsigned int[m[Kâ€™} [[01;35m[K-Wsign-compare[m[K]
  258 |         for(int i=0; [01;35m[Ki<waypoints.size()[m[K; ++i)
      |                      [01;35m[K~^~~~~~~~~~~~~~~~~[m[K
[01m[K/home/nvidia/f1tenth_ws/src/pure_pursuit/src/pure_pursuit_node.cpp:[m[K In member function â€˜[01m[Kvoid PurePursuit::visualize_path_points()[m[Kâ€™:
[01m[K/home/nvidia/f1tenth_ws/src/pure_pursuit/src/pure_pursuit_node.cpp:339:23:[m[K [01;35m[Kwarning: [m[Kcomparison of integer expressions of different signedness: â€˜[01m[Kint[m[Kâ€™ and â€˜[01m[Kstd::vector<std::vector<double, std::allocator<double> > >::size_type[m[Kâ€™ {aka â€˜[01m[Klong unsigned int[m[Kâ€™} [[01;35m[K-Wsign-compare[m[K]
  339 |         for(int i=0; [01;35m[Ki<waypoints.size()[m[K; ++i)
      |                      [01;35m[K~^~~~~~~~~~~~~~~~~[m[K
make[2]: *** [CMakeFiles/pure_pursuit_node.dir/build.make:63: CMakeFiles/pure_pursuit_node.dir/src/pure_pursuit_node.cpp.o] Error 1
make[1]: *** [CMakeFiles/Makefile2:164: CMakeFiles/pure_pursuit_node.dir/all] Error 2
make: *** [Makefile:141: all] Error 2
