[0.120s] Invoking command in '/home/nvidia/f1tenth_ws/build/pure_pursuit': CMAKE_PREFIX_PATH=${CMAKE_PREFIX_PATH}:/home/nvidia/f1tenth_ws/install/f1tenth_stack:/home/nvidia/f1tenth_ws/install/joy_teleop:/home/nvidia/f1tenth_ws/install/particle_filter:/home/nvidia/f1tenth_ws/install/mouse_teleop:/home/nvidia/f1tenth_ws/install/key_teleop:/home/nvidia/f1tenth_ws/install/f1tenth_gym_ros:/opt/ros/galactic /usr/bin/cmake /home/nvidia/f1tenth_ws/src/pure_pursuit -DCMAKE_INSTALL_PREFIX=/home/nvidia/f1tenth_ws/install/pure_pursuit
[0.732s] -- The C compiler identification is GNU 9.4.0
[1.277s] -- The CXX compiler identification is GNU 9.4.0
[1.324s] -- Check for working C compiler: /usr/bin/cc
[1.896s] -- Check for working C compiler: /usr/bin/cc -- works
[1.904s] -- Detecting C compiler ABI info
[2.428s] -- Detecting C compiler ABI info - done
[2.525s] -- Detecting C compile features
[2.529s] -- Detecting C compile features - done
[2.550s] -- Check for working CXX compiler: /usr/bin/c++
[3.131s] -- Check for working CXX compiler: /usr/bin/c++ -- works
[3.138s] -- Detecting CXX compiler ABI info
[3.699s] -- Detecting CXX compiler ABI info - done
[3.775s] -- Detecting CXX compile features
[3.778s] -- Detecting CXX compile features - done
[3.813s] -- Found ament_cmake: 1.1.6 (/opt/ros/galactic/share/ament_cmake/cmake)
[4.002s] -- Found PythonInterp: /usr/bin/python3 (found suitable version "3.8.10", minimum required is "3") 
[4.003s] -- Using PYTHON_EXECUTABLE: /usr/bin/python3
[4.682s] -- Found rclcpp: 9.2.2 (/opt/ros/galactic/share/rclcpp/cmake)
[5.137s] -- Using all available rosidl_typesupport_c: rosidl_typesupport_fastrtps_c;rosidl_typesupport_introspection_c
[5.216s] -- Found rosidl_adapter: 2.2.3 (/opt/ros/galactic/share/rosidl_adapter/cmake)
[5.918s] -- Found OpenSSL: /usr/lib/aarch64-linux-gnu/libcrypto.so (found version "1.1.1f")  
[6.105s] -- Found FastRTPS: /opt/ros/galactic/include  
[6.724s] -- Using all available rosidl_typesupport_cpp: rosidl_typesupport_fastrtps_cpp;rosidl_typesupport_introspection_cpp
[7.205s] -- Found rmw_implementation_cmake: 3.3.1 (/opt/ros/galactic/share/rmw_implementation_cmake/cmake)
[7.238s] -- Found rmw_cyclonedds_cpp: 0.22.6 (/opt/ros/galactic/share/rmw_cyclonedds_cpp/cmake)
[7.372s] -- Using RMW implementation 'rmw_cyclonedds_cpp' as default
[7.379s] -- Looking for pthread.h
[7.947s] -- Looking for pthread.h - found
[7.949s] -- Performing Test CMAKE_HAVE_LIBC_PTHREAD
[8.460s] -- Performing Test CMAKE_HAVE_LIBC_PTHREAD - Failed
[8.461s] -- Looking for pthread_create in pthreads
[8.880s] -- Looking for pthread_create in pthreads - not found
[8.883s] -- Looking for pthread_create in pthread
[9.388s] -- Looking for pthread_create in pthread - found
[9.396s] -- Found Threads: TRUE  
[10.358s] -- Found rclpy: 1.9.3 (/opt/ros/galactic/share/rclpy/cmake)
[10.378s] -- Found geometry_msgs: 2.2.4 (/opt/ros/galactic/share/geometry_msgs/cmake)
[10.562s] -- Found nav_msgs: 2.2.4 (/opt/ros/galactic/share/nav_msgs/cmake)
[10.900s] -- Found ackermann_msgs: 2.0.2 (/opt/ros/galactic/share/ackermann_msgs/cmake)
[11.084s] -- Found sensor_msgs: 2.2.4 (/opt/ros/galactic/share/sensor_msgs/cmake)
[11.422s] -- Found visualization_msgs: 2.2.4 (/opt/ros/galactic/share/visualization_msgs/cmake)
[11.772s] -- Found tf2_ros: 0.17.5 (/opt/ros/galactic/share/tf2_ros/cmake)
[15.714s] -- Found ament_lint_auto: 0.10.7 (/opt/ros/galactic/share/ament_lint_auto/cmake)
[16.256s] -- Added test 'copyright' to check source files copyright and LICENSE
[16.277s] -- Added test 'cppcheck' to perform static code analysis on C / C++ code
[16.280s] -- Configured cppcheck include dirs: /home/nvidia/f1tenth_ws/src/pure_pursuit/include
[16.280s] -- Configured cppcheck exclude dirs and/or files: 
[16.298s] -- Added test 'cpplint' to check C / C++ code against the Google style
[16.299s] -- Configured cpplint exclude dirs and/or files: 
[16.305s] -- Added test 'flake8' to check Python code syntax and style conventions
[16.313s] -- Added test 'lint_cmake' to check CMake code style
[16.319s] -- Added test 'pep257' to check Python code against some of the style conventions in PEP 257
[16.337s] -- Added test 'uncrustify' to check C / C++ code style
[16.337s] -- Configured uncrustify additional arguments: 
[16.343s] -- Added test 'xmllint' to check XML markup files
[16.379s] -- Configuring done
[16.483s] -- Generating done
[16.495s] -- Build files have been written to: /home/nvidia/f1tenth_ws/build/pure_pursuit
[16.547s] Invoked command in '/home/nvidia/f1tenth_ws/build/pure_pursuit' returned '0': CMAKE_PREFIX_PATH=${CMAKE_PREFIX_PATH}:/home/nvidia/f1tenth_ws/install/f1tenth_stack:/home/nvidia/f1tenth_ws/install/joy_teleop:/home/nvidia/f1tenth_ws/install/particle_filter:/home/nvidia/f1tenth_ws/install/mouse_teleop:/home/nvidia/f1tenth_ws/install/key_teleop:/home/nvidia/f1tenth_ws/install/f1tenth_gym_ros:/opt/ros/galactic /usr/bin/cmake /home/nvidia/f1tenth_ws/src/pure_pursuit -DCMAKE_INSTALL_PREFIX=/home/nvidia/f1tenth_ws/install/pure_pursuit
[16.565s] Invoking command in '/home/nvidia/f1tenth_ws/build/pure_pursuit': CMAKE_PREFIX_PATH=${CMAKE_PREFIX_PATH}:/home/nvidia/f1tenth_ws/install/f1tenth_stack:/home/nvidia/f1tenth_ws/install/joy_teleop:/home/nvidia/f1tenth_ws/install/particle_filter:/home/nvidia/f1tenth_ws/install/mouse_teleop:/home/nvidia/f1tenth_ws/install/key_teleop:/home/nvidia/f1tenth_ws/install/f1tenth_gym_ros:/opt/ros/galactic /usr/bin/cmake --build /home/nvidia/f1tenth_ws/build/pure_pursuit -- -j6 -l6
[16.761s] -- Found ament_cmake: 1.1.6 (/opt/ros/galactic/share/ament_cmake/cmake)
[16.900s] -- Using PYTHON_EXECUTABLE: /usr/bin/python3
[17.262s] -- Found rclcpp: 9.2.2 (/opt/ros/galactic/share/rclcpp/cmake)
[17.488s] -- Using all available rosidl_typesupport_c: rosidl_typesupport_fastrtps_c;rosidl_typesupport_introspection_c
[17.510s] -- Found rosidl_adapter: 2.2.3 (/opt/ros/galactic/share/rosidl_adapter/cmake)
[18.187s] -- Using all available rosidl_typesupport_cpp: rosidl_typesupport_fastrtps_cpp;rosidl_typesupport_introspection_cpp
[18.457s] -- Found rmw_implementation_cmake: 3.3.1 (/opt/ros/galactic/share/rmw_implementation_cmake/cmake)
[18.468s] -- Found rmw_cyclonedds_cpp: 0.22.6 (/opt/ros/galactic/share/rmw_cyclonedds_cpp/cmake)
[18.562s] -- Using RMW implementation 'rmw_cyclonedds_cpp' as default
[19.206s] -- Found rclpy: 1.9.3 (/opt/ros/galactic/share/rclpy/cmake)
[19.207s] -- Found geometry_msgs: 2.2.4 (/opt/ros/galactic/share/geometry_msgs/cmake)
[19.354s] -- Found nav_msgs: 2.2.4 (/opt/ros/galactic/share/nav_msgs/cmake)
[19.650s] -- Found ackermann_msgs: 2.0.2 (/opt/ros/galactic/share/ackermann_msgs/cmake)
[19.799s] -- Found sensor_msgs: 2.2.4 (/opt/ros/galactic/share/sensor_msgs/cmake)
[20.094s] -- Found visualization_msgs: 2.2.4 (/opt/ros/galactic/share/visualization_msgs/cmake)
[20.378s] -- Found tf2_ros: 0.17.5 (/opt/ros/galactic/share/tf2_ros/cmake)
[22.074s] -- Found ament_lint_auto: 0.10.7 (/opt/ros/galactic/share/ament_lint_auto/cmake)
[22.469s] -- Added test 'copyright' to check source files copyright and LICENSE
[22.486s] -- Added test 'cppcheck' to perform static code analysis on C / C++ code
[22.488s] -- Configured cppcheck include dirs: /home/nvidia/f1tenth_ws/src/pure_pursuit/include
[22.488s] -- Configured cppcheck exclude dirs and/or files: 
[22.504s] -- Added test 'cpplint' to check C / C++ code against the Google style
[22.505s] -- Configured cpplint exclude dirs and/or files: 
[22.508s] -- Added test 'flake8' to check Python code syntax and style conventions
[22.512s] -- Added test 'lint_cmake' to check CMake code style
[22.516s] -- Added test 'pep257' to check Python code against some of the style conventions in PEP 257
[22.532s] -- Added test 'uncrustify' to check C / C++ code style
[22.533s] -- Configured uncrustify additional arguments: 
[22.535s] -- Added test 'xmllint' to check XML markup files
[22.561s] -- Configuring done
[22.669s] -- Generating done
[22.683s] -- Build files have been written to: /home/nvidia/f1tenth_ws/build/pure_pursuit
[22.845s] [35m[1mScanning dependencies of target ament_cmake_python_copy_pure_pursuit[0m
[22.846s] [35m[1mScanning dependencies of target ament_cmake_python_copy_pure_pursuit_setup[0m
[22.857s] [35m[1mScanning dependencies of target pure_pursuit_node[0m
[22.975s] [  0%] Built target ament_cmake_python_copy_pure_pursuit
[22.976s] [  0%] Built target ament_cmake_python_copy_pure_pursuit_setup
[23.045s] [35m[1mScanning dependencies of target ament_cmake_python_build_pure_pursuit_egg[0m
[23.571s] [ 50%] [32mBuilding CXX object CMakeFiles/pure_pursuit_node.dir/src/pure_pursuit_node.cpp.o[0m
[24.881s] /home/nvidia/.local/lib/python3.8/site-packages/setuptools/dist.py:771: UserWarning: Usage of dash-separated 'script-dir' will not be supported in future versions. Please use the underscore name 'script_dir' instead
[24.882s]   warnings.warn(
[24.884s] /home/nvidia/.local/lib/python3.8/site-packages/setuptools/dist.py:771: UserWarning: Usage of dash-separated 'install-scripts' will not be supported in future versions. Please use the underscore name 'install_scripts' instead
[24.885s]   warnings.warn(
[25.359s] running egg_info
[25.365s] creating pure_pursuit.egg-info
[25.470s] writing pure_pursuit.egg-info/PKG-INFO
[25.472s] writing dependency_links to pure_pursuit.egg-info/dependency_links.txt
[25.473s] writing top-level names to pure_pursuit.egg-info/top_level.txt
[25.484s] writing manifest file 'pure_pursuit.egg-info/SOURCES.txt'
[25.797s] reading manifest file 'pure_pursuit.egg-info/SOURCES.txt'
[25.801s] writing manifest file 'pure_pursuit.egg-info/SOURCES.txt'
[26.034s] [ 50%] Built target ament_cmake_python_build_pure_pursuit_egg
[38.831s] [01m[K/home/nvidia/f1tenth_ws/src/pure_pursuit/src/pure_pursuit_node.cpp:[m[K In member function â€˜[01m[Kvoid PurePursuit::scan_callback(sensor_msgs::msg::LaserScan_<std::allocator<void> >::ConstSharedPtr)[m[Kâ€™:
[38.832s] [01m[K/home/nvidia/f1tenth_ws/src/pure_pursuit/src/pure_pursuit_node.cpp:121:23:[m[K [01;35m[Kwarning: [m[Kcomparison of integer expressions of different signedness: â€˜[01m[Kint[m[Kâ€™ and â€˜[01m[Kstd::vector<float>::size_type[m[Kâ€™ {aka â€˜[01m[Klong unsigned int[m[Kâ€™} [[01;35m[K-Wsign-compare[m[K]
[38.832s]   121 |         for (int i=0;[01;35m[Ki<ranges.size()[m[K;i++){
[38.833s]       |                      [01;35m[K~^~~~~~~~~~~~~~[m[K
[38.838s] [01m[K/home/nvidia/f1tenth_ws/src/pure_pursuit/src/pure_pursuit_node.cpp:[m[K In member function â€˜[01m[Kvoid PurePursuit::publish_gap_follow(std::vector<float>)[m[Kâ€™:
[38.838s] [01m[K/home/nvidia/f1tenth_ws/src/pure_pursuit/src/pure_pursuit_node.cpp:161:22:[m[K [01;35m[Kwarning: [m[Kcomparison of integer expressions of different signedness: â€˜[01m[Kint[m[Kâ€™ and â€˜[01m[Kstd::vector<float>::size_type[m[Kâ€™ {aka â€˜[01m[Klong unsigned int[m[Kâ€™} [[01;35m[K-Wsign-compare[m[K]
[38.839s]   161 |         for(int i=1;[01;35m[Ki<ranges.size()[m[K;i++){
[38.839s]       |                     [01;35m[K~^~~~~~~~~~~~~~[m[K
[38.840s] [01m[K/home/nvidia/f1tenth_ws/src/pure_pursuit/src/pure_pursuit_node.cpp:169:23:[m[K [01;35m[Kwarning: [m[Kcomparison of integer expressions of different signedness: â€˜[01m[Kint[m[Kâ€™ and â€˜[01m[Kstd::vector<float>::size_type[m[Kâ€™ {aka â€˜[01m[Klong unsigned int[m[Kâ€™} [[01;35m[K-Wsign-compare[m[K]
[38.840s]   169 |         for (int i=1;[01;35m[Ki<ranges.size()[m[K;i++){
[38.841s]       |                      [01;35m[K~^~~~~~~~~~~~~~[m[K
[38.841s] [01m[K/home/nvidia/f1tenth_ws/src/pure_pursuit/src/pure_pursuit_node.cpp:181:23:[m[K [01;35m[Kwarning: [m[Kcomparison of integer expressions of different signedness: â€˜[01m[Kint[m[Kâ€™ and â€˜[01m[Kstd::vector<float>::size_type[m[Kâ€™ {aka â€˜[01m[Klong unsigned int[m[Kâ€™} [[01;35m[K-Wsign-compare[m[K]
[38.841s]   181 |         for (int i=0;[01;35m[Ki<ranges.size()[m[K;i++){
[38.842s]       |                      [01;35m[K~^~~~~~~~~~~~~~[m[K
[38.869s] [01m[K/home/nvidia/f1tenth_ws/src/pure_pursuit/src/pure_pursuit_node.cpp:190:9:[m[K [01;31m[Kerror: [m[Kâ€˜[01m[Kdrive_angle[m[Kâ€™ was not declared in this scope
[38.870s]   190 |         [01;31m[Kdrive_angle[m[K = angle_max - longest_idx*0.00435;
[38.870s]       |         [01;31m[K^~~~~~~~~~~[m[K
[38.882s] [01m[K/home/nvidia/f1tenth_ws/src/pure_pursuit/src/pure_pursuit_node.cpp:243:45:[m[K [01;31m[Kerror: [m[Kâ€˜[01m[Kangle[m[Kâ€™ was not declared in this scope; did you mean â€˜[01m[Ktf2::angle[m[Kâ€™?
[38.882s]   243 |         float velocity = top_velocity * cos([01;31m[Kangle[m[K);
[38.883s]       |                                             [01;31m[K^~~~~[m[K
[38.883s]       |                                             [32m[Ktf2::angle[m[K
[38.884s] In file included from [01m[K/opt/ros/galactic/include/tf2/LinearMath/Matrix3x3.h:20[m[K,
[38.884s]                  from [01m[K/home/nvidia/f1tenth_ws/src/pure_pursuit/src/pure_pursuit_node.cpp:17[m[K:
[38.884s] [01m[K/opt/ros/galactic/include/tf2/LinearMath/Quaternion.h:410:1:[m[K [01;36m[Knote: [m[Kâ€˜[01m[Ktf2::angle[m[Kâ€™ declared here
[38.885s]   410 | [01;36m[Kangle[m[K(const Quaternion& q1, const Quaternion& q2)
[38.885s]       | [01;36m[K^~~~~[m[K
[38.918s] [01m[K/home/nvidia/f1tenth_ws/src/pure_pursuit/src/pure_pursuit_node.cpp:153:15:[m[K [01;35m[Kwarning: [m[Kunused variable â€˜[01m[Kmax_gap_dist[m[Kâ€™ [[01;35m[K-Wunused-variable[m[K]
[38.918s]   153 |         float [01;35m[Kmax_gap_dist[m[K = 2.0;
[38.919s]       |               [01;35m[K^~~~~~~~~~~~[m[K
[38.920s] [01m[K/home/nvidia/f1tenth_ws/src/pure_pursuit/src/pure_pursuit_node.cpp:[m[K In member function â€˜[01m[Kvoid PurePursuit::check_pure_pursuit()[m[Kâ€™:
[38.920s] [01m[K/home/nvidia/f1tenth_ws/src/pure_pursuit/src/pure_pursuit_node.cpp:258:23:[m[K [01;35m[Kwarning: [m[Kcomparison of integer expressions of different signedness: â€˜[01m[Kint[m[Kâ€™ and â€˜[01m[Kstd::vector<std::vector<double, std::allocator<double> > >::size_type[m[Kâ€™ {aka â€˜[01m[Klong unsigned int[m[Kâ€™} [[01;35m[K-Wsign-compare[m[K]
[38.920s]   258 |         for(int i=0; [01;35m[Ki<waypoints.size()[m[K; ++i)
[38.921s]       |                      [01;35m[K~^~~~~~~~~~~~~~~~~[m[K
[39.010s] [01m[K/home/nvidia/f1tenth_ws/src/pure_pursuit/src/pure_pursuit_node.cpp:[m[K In member function â€˜[01m[Kvoid PurePursuit::visualize_path_points()[m[Kâ€™:
[39.010s] [01m[K/home/nvidia/f1tenth_ws/src/pure_pursuit/src/pure_pursuit_node.cpp:339:23:[m[K [01;35m[Kwarning: [m[Kcomparison of integer expressions of different signedness: â€˜[01m[Kint[m[Kâ€™ and â€˜[01m[Kstd::vector<std::vector<double, std::allocator<double> > >::size_type[m[Kâ€™ {aka â€˜[01m[Klong unsigned int[m[Kâ€™} [[01;35m[K-Wsign-compare[m[K]
[39.011s]   339 |         for(int i=0; [01;35m[Ki<waypoints.size()[m[K; ++i)
[39.011s]       |                      [01;35m[K~^~~~~~~~~~~~~~~~~[m[K
[54.439s] make[2]: *** [CMakeFiles/pure_pursuit_node.dir/build.make:63: CMakeFiles/pure_pursuit_node.dir/src/pure_pursuit_node.cpp.o] Error 1
[54.443s] make[1]: *** [CMakeFiles/Makefile2:164: CMakeFiles/pure_pursuit_node.dir/all] Error 2
[54.444s] make: *** [Makefile:141: all] Error 2
[54.455s] Invoked command in '/home/nvidia/f1tenth_ws/build/pure_pursuit' returned '2': CMAKE_PREFIX_PATH=${CMAKE_PREFIX_PATH}:/home/nvidia/f1tenth_ws/install/f1tenth_stack:/home/nvidia/f1tenth_ws/install/joy_teleop:/home/nvidia/f1tenth_ws/install/particle_filter:/home/nvidia/f1tenth_ws/install/mouse_teleop:/home/nvidia/f1tenth_ws/install/key_teleop:/home/nvidia/f1tenth_ws/install/f1tenth_gym_ros:/opt/ros/galactic /usr/bin/cmake --build /home/nvidia/f1tenth_ws/build/pure_pursuit -- -j6 -l6
