[0.220s] Invoking command in '/home/nvidia/f1tenth_ws/build/pure_pursuit': CMAKE_PREFIX_PATH=${CMAKE_PREFIX_PATH}:/home/nvidia/f1tenth_ws/install/f1tenth_stack:/home/nvidia/f1tenth_ws/install/joy_teleop:/home/nvidia/f1tenth_ws/install/particle_filter:/home/nvidia/f1tenth_ws/install/mouse_teleop:/home/nvidia/f1tenth_ws/install/key_teleop:/home/nvidia/f1tenth_ws/install/f1tenth_gym_ros:/opt/ros/galactic /usr/bin/cmake /home/nvidia/f1tenth_ws/src/pure_pursuit -DAMENT_CMAKE_SYMLINK_INSTALL=1 -DCMAKE_INSTALL_PREFIX=/home/nvidia/f1tenth_ws/install/pure_pursuit
[0.414s] -- Found ament_cmake: 1.1.6 (/opt/ros/galactic/share/ament_cmake/cmake)
[0.583s] -- Using PYTHON_EXECUTABLE: /usr/bin/python3
[0.988s] -- Override CMake install command with custom implementation using symlinks instead of copying resources
[1.067s] -- Found rclcpp: 9.2.2 (/opt/ros/galactic/share/rclcpp/cmake)
[1.339s] -- Using all available rosidl_typesupport_c: rosidl_typesupport_fastrtps_c;rosidl_typesupport_introspection_c
[1.365s] -- Found rosidl_adapter: 2.2.3 (/opt/ros/galactic/share/rosidl_adapter/cmake)
[2.641s] -- Using all available rosidl_typesupport_cpp: rosidl_typesupport_fastrtps_cpp;rosidl_typesupport_introspection_cpp
[3.033s] -- Found rmw_implementation_cmake: 3.3.1 (/opt/ros/galactic/share/rmw_implementation_cmake/cmake)
[3.058s] -- Found rmw_cyclonedds_cpp: 0.22.6 (/opt/ros/galactic/share/rmw_cyclonedds_cpp/cmake)
[3.305s] -- Using RMW implementation 'rmw_cyclonedds_cpp' as default
[4.494s] -- Found rclpy: 1.9.3 (/opt/ros/galactic/share/rclpy/cmake)
[4.497s] -- Found geometry_msgs: 2.2.4 (/opt/ros/galactic/share/geometry_msgs/cmake)
[4.770s] -- Found nav_msgs: 2.2.4 (/opt/ros/galactic/share/nav_msgs/cmake)
[5.233s] -- Found ackermann_msgs: 2.0.2 (/opt/ros/galactic/share/ackermann_msgs/cmake)
[5.568s] -- Found sensor_msgs: 2.2.4 (/opt/ros/galactic/share/sensor_msgs/cmake)
[5.994s] -- Found visualization_msgs: 2.2.4 (/opt/ros/galactic/share/visualization_msgs/cmake)
[6.498s] -- Found tf2_ros: 0.17.5 (/opt/ros/galactic/share/tf2_ros/cmake)
[9.468s] -- Found ament_lint_auto: 0.10.7 (/opt/ros/galactic/share/ament_lint_auto/cmake)
[10.101s] -- Added test 'copyright' to check source files copyright and LICENSE
[10.151s] -- Added test 'cppcheck' to perform static code analysis on C / C++ code
[10.152s] -- Configured cppcheck include dirs: /home/nvidia/f1tenth_ws/src/pure_pursuit/include
[10.152s] -- Configured cppcheck exclude dirs and/or files: 
[10.187s] -- Added test 'cpplint' to check C / C++ code against the Google style
[10.188s] -- Configured cpplint exclude dirs and/or files: 
[10.201s] -- Added test 'flake8' to check Python code syntax and style conventions
[10.214s] -- Added test 'lint_cmake' to check CMake code style
[10.217s] -- Added test 'pep257' to check Python code against some of the style conventions in PEP 257
[10.263s] -- Added test 'uncrustify' to check C / C++ code style
[10.263s] -- Configured uncrustify additional arguments: 
[10.266s] -- Added test 'xmllint' to check XML markup files
[10.314s] -- Configuring done
[10.449s] -- Generating done
[10.478s] -- Build files have been written to: /home/nvidia/f1tenth_ws/build/pure_pursuit
[10.632s] Invoked command in '/home/nvidia/f1tenth_ws/build/pure_pursuit' returned '0': CMAKE_PREFIX_PATH=${CMAKE_PREFIX_PATH}:/home/nvidia/f1tenth_ws/install/f1tenth_stack:/home/nvidia/f1tenth_ws/install/joy_teleop:/home/nvidia/f1tenth_ws/install/particle_filter:/home/nvidia/f1tenth_ws/install/mouse_teleop:/home/nvidia/f1tenth_ws/install/key_teleop:/home/nvidia/f1tenth_ws/install/f1tenth_gym_ros:/opt/ros/galactic /usr/bin/cmake /home/nvidia/f1tenth_ws/src/pure_pursuit -DAMENT_CMAKE_SYMLINK_INSTALL=1 -DCMAKE_INSTALL_PREFIX=/home/nvidia/f1tenth_ws/install/pure_pursuit
[10.638s] Invoking command in '/home/nvidia/f1tenth_ws/build/pure_pursuit': CMAKE_PREFIX_PATH=${CMAKE_PREFIX_PATH}:/home/nvidia/f1tenth_ws/install/f1tenth_stack:/home/nvidia/f1tenth_ws/install/joy_teleop:/home/nvidia/f1tenth_ws/install/particle_filter:/home/nvidia/f1tenth_ws/install/mouse_teleop:/home/nvidia/f1tenth_ws/install/key_teleop:/home/nvidia/f1tenth_ws/install/f1tenth_gym_ros:/opt/ros/galactic /usr/bin/cmake --build /home/nvidia/f1tenth_ws/build/pure_pursuit -- -j6 -l6
[11.024s] -- Found ament_cmake: 1.1.6 (/opt/ros/galactic/share/ament_cmake/cmake)
[11.363s] -- Using PYTHON_EXECUTABLE: /usr/bin/python3
[11.921s] -- Override CMake install command with custom implementation using symlinks instead of copying resources
[11.982s] -- Found rclcpp: 9.2.2 (/opt/ros/galactic/share/rclcpp/cmake)
[12.458s] -- Using all available rosidl_typesupport_c: rosidl_typesupport_fastrtps_c;rosidl_typesupport_introspection_c
[12.494s] -- Found rosidl_adapter: 2.2.3 (/opt/ros/galactic/share/rosidl_adapter/cmake)
[13.602s] -- Using all available rosidl_typesupport_cpp: rosidl_typesupport_fastrtps_cpp;rosidl_typesupport_introspection_cpp
[14.082s] -- Found rmw_implementation_cmake: 3.3.1 (/opt/ros/galactic/share/rmw_implementation_cmake/cmake)
[14.097s] -- Found rmw_cyclonedds_cpp: 0.22.6 (/opt/ros/galactic/share/rmw_cyclonedds_cpp/cmake)
[14.217s] -- Using RMW implementation 'rmw_cyclonedds_cpp' as default
[15.144s] -- Found rclpy: 1.9.3 (/opt/ros/galactic/share/rclpy/cmake)
[15.146s] -- Found geometry_msgs: 2.2.4 (/opt/ros/galactic/share/geometry_msgs/cmake)
[15.502s] -- Found nav_msgs: 2.2.4 (/opt/ros/galactic/share/nav_msgs/cmake)
[16.421s] -- Found ackermann_msgs: 2.0.2 (/opt/ros/galactic/share/ackermann_msgs/cmake)
[16.810s] -- Found sensor_msgs: 2.2.4 (/opt/ros/galactic/share/sensor_msgs/cmake)
[17.276s] -- Found visualization_msgs: 2.2.4 (/opt/ros/galactic/share/visualization_msgs/cmake)
[17.636s] -- Found tf2_ros: 0.17.5 (/opt/ros/galactic/share/tf2_ros/cmake)
[21.047s] -- Found ament_lint_auto: 0.10.7 (/opt/ros/galactic/share/ament_lint_auto/cmake)
[21.685s] -- Added test 'copyright' to check source files copyright and LICENSE
[21.715s] -- Added test 'cppcheck' to perform static code analysis on C / C++ code
[21.718s] -- Configured cppcheck include dirs: /home/nvidia/f1tenth_ws/src/pure_pursuit/include
[21.718s] -- Configured cppcheck exclude dirs and/or files: 
[21.738s] -- Added test 'cpplint' to check C / C++ code against the Google style
[21.738s] -- Configured cpplint exclude dirs and/or files: 
[21.748s] -- Added test 'flake8' to check Python code syntax and style conventions
[21.754s] -- Added test 'lint_cmake' to check CMake code style
[21.757s] -- Added test 'pep257' to check Python code against some of the style conventions in PEP 257
[21.778s] -- Added test 'uncrustify' to check C / C++ code style
[21.778s] -- Configured uncrustify additional arguments: 
[21.783s] -- Added test 'xmllint' to check XML markup files
[21.864s] -- Configuring done
[21.992s] -- Generating done
[22.009s] -- Build files have been written to: /home/nvidia/f1tenth_ws/build/pure_pursuit
[22.378s] [35m[1mScanning dependencies of target ament_cmake_python_symlink_pure_pursuit[0m
[22.501s] failed to create symbolic link '/home/nvidia/f1tenth_ws/build/pure_pursuit/ament_cmake_python/pure_pursuit/pure_pursuit' because existing path cannot be removed: Is a directory
[22.507s] make[2]: *** [CMakeFiles/ament_cmake_python_symlink_pure_pursuit.dir/build.make:57: CMakeFiles/ament_cmake_python_symlink_pure_pursuit] Error 1
[22.507s] make[1]: *** [CMakeFiles/Makefile2:137: CMakeFiles/ament_cmake_python_symlink_pure_pursuit.dir/all] Error 2
[22.508s] make: *** [Makefile:141: all] Error 2
[22.522s] Invoked command in '/home/nvidia/f1tenth_ws/build/pure_pursuit' returned '2': CMAKE_PREFIX_PATH=${CMAKE_PREFIX_PATH}:/home/nvidia/f1tenth_ws/install/f1tenth_stack:/home/nvidia/f1tenth_ws/install/joy_teleop:/home/nvidia/f1tenth_ws/install/particle_filter:/home/nvidia/f1tenth_ws/install/mouse_teleop:/home/nvidia/f1tenth_ws/install/key_teleop:/home/nvidia/f1tenth_ws/install/f1tenth_gym_ros:/opt/ros/galactic /usr/bin/cmake --build /home/nvidia/f1tenth_ws/build/pure_pursuit -- -j6 -l6
