[0.000000] (-) TimerEvent: {}
[0.000828] (-) JobUnselected: {'identifier': 'ackermann_mux'}
[0.001081] (-) JobUnselected: {'identifier': 'f1tenth_gym_ros'}
[0.001214] (-) JobUnselected: {'identifier': 'f1tenth_stack'}
[0.001343] (-) JobUnselected: {'identifier': 'joy_teleop'}
[0.001454] (-) JobUnselected: {'identifier': 'key_teleop'}
[0.001568] (-) JobUnselected: {'identifier': 'mouse_teleop'}
[0.001679] (-) JobUnselected: {'identifier': 'particle_filter'}
[0.001784] (-) JobUnselected: {'identifier': 'range_lib'}
[0.001890] (-) JobUnselected: {'identifier': 'teleop_tools'}
[0.001995] (-) JobUnselected: {'identifier': 'teleop_tools_msgs'}
[0.002100] (-) JobUnselected: {'identifier': 'vesc'}
[0.002205] (-) JobUnselected: {'identifier': 'vesc_ackermann'}
[0.002358] (-) JobUnselected: {'identifier': 'vesc_driver'}
[0.002472] (-) JobUnselected: {'identifier': 'vesc_msgs'}
[0.007980] (pure_pursuit) JobQueued: {'identifier': 'pure_pursuit', 'dependencies': OrderedDict()}
[0.008266] (pure_pursuit) JobStarted: {'identifier': 'pure_pursuit'}
[0.088284] (-) TimerEvent: {}
[0.194478] (-) TimerEvent: {}
[0.296739] (-) TimerEvent: {}
[0.344558] (pure_pursuit) JobProgress: {'identifier': 'pure_pursuit', 'progress': 'cmake'}
[0.346734] (pure_pursuit) Command: {'cmd': ['/usr/bin/cmake', '/home/nvidia/f1tenth_ws/src/pure_pursuit', '-DCMAKE_INSTALL_PREFIX=/home/nvidia/f1tenth_ws/install/pure_pursuit'], 'cwd': '/home/nvidia/f1tenth_ws/build/pure_pursuit', 'env': OrderedDict([('LESSOPEN', '| /usr/bin/lesspipe %s'), ('USER', 'nvidia'), ('SSH_AGENT_PID', '2773'), ('XDG_SESSION_TYPE', 'x11'), ('SHLVL', '1'), ('LD_LIBRARY_PATH', '/home/nvidia/f1tenth_ws/install/vesc_driver/lib:/home/nvidia/f1tenth_ws/install/vesc_ackermann/lib:/home/nvidia/f1tenth_ws/install/vesc_msgs/lib:/home/nvidia/f1tenth_ws/install/teleop_tools_msgs/lib:/opt/ros/galactic/opt/yaml_cpp_vendor/lib:/opt/ros/galactic/opt/rviz_ogre_vendor/lib:/opt/ros/galactic/lib/aarch64-linux-gnu:/opt/ros/galactic/lib:/usr/local/cuda-11.4/lib64:'), ('HOME', '/home/nvidia'), ('DESKTOP_SESSION', 'ubuntu'), ('ROS_PYTHON_VERSION', '3'), ('GNOME_SHELL_SESSION_MODE', 'ubuntu'), ('GTK_MODULES', 'gail:atk-bridge'), ('MANAGERPID', '2600'), ('DBUS_STARTER_BUS_TYPE', 'session'), ('DBUS_SESSION_BUS_ADDRESS', 'unix:path=/run/user/1000/bus,guid=63f08fec6be49cbbc4be47626421d8c5'), ('COLORTERM', 'truecolor'), ('IM_CONFIG_PHASE', '1'), ('COLCON_PREFIX_PATH', '/home/nvidia/f1tenth_ws/install'), ('ROS_DISTRO', 'galactic'), ('LOGNAME', 'nvidia'), ('JOURNAL_STREAM', '7:55100'), ('_', '/usr/bin/colcon'), ('ROS_VERSION', '2'), ('XDG_SESSION_CLASS', 'user'), ('USERNAME', 'nvidia'), ('TERM', 'xterm-256color'), ('GNOME_DESKTOP_SESSION_ID', 'this-is-deprecated'), ('ROS_LOCALHOST_ONLY', '0'), ('WINDOWPATH', '2'), ('PATH', '/home/nvidia/f1tenth_ws/install/range_lib/bin:/opt/ros/galactic/bin:/usr/local/cuda-11.4/bin:/home/nvidia/.local/bin:/usr/local/sbin:/usr/local/bin:/usr/sbin:/usr/bin:/sbin:/bin:/usr/games:/usr/local/games:/snap/bin'), ('SESSION_MANAGER', 'local/ubuntu:@/tmp/.ICE-unix/2809,unix/ubuntu:/tmp/.ICE-unix/2809'), ('INVOCATION_ID', 'e9f2fbc37d9948d3887e26ca888f57cc'), ('XDG_MENU_PREFIX', 'gnome-'), ('GNOME_TERMINAL_SCREEN', '/org/gnome/Terminal/screen/4b6712d8_c922_435a_b938_cd73c1c19338'), ('XDG_RUNTIME_DIR', '/run/user/1000'), ('DISPLAY', ':1'), ('LANG', 'en_US.UTF-8'), ('XDG_CURRENT_DESKTOP', 'ubuntu:GNOME'), ('RMW_IMPLEMENTATION', 'rmw_cyclonedds_cpp'), ('XMODIFIERS', '@im=ibus'), ('XDG_SESSION_DESKTOP', 'ubuntu'), ('XAUTHORITY', '/run/user/1000/gdm/Xauthority'), ('LS_COLORS', 'rs=0:di=01;34:ln=01;36:mh=00:pi=40;33:so=01;35:do=01;35:bd=40;33;01:cd=40;33;01:or=40;31;01:mi=00:su=37;41:sg=30;43:ca=30;41:tw=30;42:ow=34;42:st=37;44:ex=01;32:*.tar=01;31:*.tgz=01;31:*.arc=01;31:*.arj=01;31:*.taz=01;31:*.lha=01;31:*.lz4=01;31:*.lzh=01;31:*.lzma=01;31:*.tlz=01;31:*.txz=01;31:*.tzo=01;31:*.t7z=01;31:*.zip=01;31:*.z=01;31:*.dz=01;31:*.gz=01;31:*.lrz=01;31:*.lz=01;31:*.lzo=01;31:*.xz=01;31:*.zst=01;31:*.tzst=01;31:*.bz2=01;31:*.bz=01;31:*.tbz=01;31:*.tbz2=01;31:*.tz=01;31:*.deb=01;31:*.rpm=01;31:*.jar=01;31:*.war=01;31:*.ear=01;31:*.sar=01;31:*.rar=01;31:*.alz=01;31:*.ace=01;31:*.zoo=01;31:*.cpio=01;31:*.7z=01;31:*.rz=01;31:*.cab=01;31:*.wim=01;31:*.swm=01;31:*.dwm=01;31:*.esd=01;31:*.jpg=01;35:*.jpeg=01;35:*.mjpg=01;35:*.mjpeg=01;35:*.gif=01;35:*.bmp=01;35:*.pbm=01;35:*.pgm=01;35:*.ppm=01;35:*.tga=01;35:*.xbm=01;35:*.xpm=01;35:*.tif=01;35:*.tiff=01;35:*.png=01;35:*.svg=01;35:*.svgz=01;35:*.mng=01;35:*.pcx=01;35:*.mov=01;35:*.mpg=01;35:*.mpeg=01;35:*.m2v=01;35:*.mkv=01;35:*.webm=01;35:*.ogm=01;35:*.mp4=01;35:*.m4v=01;35:*.mp4v=01;35:*.vob=01;35:*.qt=01;35:*.nuv=01;35:*.wmv=01;35:*.asf=01;35:*.rm=01;35:*.rmvb=01;35:*.flc=01;35:*.avi=01;35:*.fli=01;35:*.flv=01;35:*.gl=01;35:*.dl=01;35:*.xcf=01;35:*.xwd=01;35:*.yuv=01;35:*.cgm=01;35:*.emf=01;35:*.ogv=01;35:*.ogx=01;35:*.aac=00;36:*.au=00;36:*.flac=00;36:*.m4a=00;36:*.mid=00;36:*.midi=00;36:*.mka=00;36:*.mp3=00;36:*.mpc=00;36:*.ogg=00;36:*.ra=00;36:*.wav=00;36:*.oga=00;36:*.opus=00;36:*.spx=00;36:*.xspf=00;36:'), ('GNOME_TERMINAL_SERVICE', ':1.86'), ('SSH_AUTH_SOCK', '/run/user/1000/keyring/ssh'), ('AMENT_PREFIX_PATH', '/home/nvidia/f1tenth_ws/install/f1tenth_stack:/home/nvidia/f1tenth_ws/install/vesc:/home/nvidia/f1tenth_ws/install/vesc_driver:/home/nvidia/f1tenth_ws/install/vesc_ackermann:/home/nvidia/f1tenth_ws/install/vesc_msgs:/home/nvidia/f1tenth_ws/install/teleop_tools:/home/nvidia/f1tenth_ws/install/joy_teleop:/home/nvidia/f1tenth_ws/install/teleop_tools_msgs:/home/nvidia/f1tenth_ws/install/pure_pursuit:/home/nvidia/f1tenth_ws/install/particle_filter:/home/nvidia/f1tenth_ws/install/mouse_teleop:/home/nvidia/f1tenth_ws/install/key_teleop:/home/nvidia/f1tenth_ws/install/f1tenth_gym_ros:/home/nvidia/f1tenth_ws/install/ackermann_mux:/opt/ros/galactic'), ('SHELL', '/bin/bash'), ('QT_ACCESSIBILITY', '1'), ('GDMSESSION', 'ubuntu'), ('LESSCLOSE', '/usr/bin/lesspipe %s %s'), ('GPG_AGENT_INFO', '/run/user/1000/gnupg/S.gpg-agent:0:1'), ('QT_IM_MODULE', 'ibus'), ('PWD', '/home/nvidia/f1tenth_ws/build/pure_pursuit'), ('LC_ALL', 'en_US.UTF-8'), ('XDG_CONFIG_DIRS', '/etc/xdg/xdg-ubuntu:/etc/xdg'), ('DBUS_STARTER_ADDRESS', 'unix:path=/run/user/1000/bus,guid=63f08fec6be49cbbc4be47626421d8c5'), ('XDG_DATA_DIRS', '/usr/share/ubuntu:/usr/local/share/:/usr/share/:/var/lib/snapd/desktop'), ('PYTHONPATH', '/home/nvidia/f1tenth_ws/install/f1tenth_stack/lib/python3.8/site-packages:/home/nvidia/f1tenth_ws/install/vesc_msgs/lib/python3.8/site-packages:/home/nvidia/f1tenth_ws/install/joy_teleop/lib/python3.8/site-packages:/home/nvidia/f1tenth_ws/install/teleop_tools_msgs/lib/python3.8/site-packages:/home/nvidia/f1tenth_ws/install/pure_pursuit/lib/python3.8/site-packages:/home/nvidia/f1tenth_ws/install/particle_filter/lib/python3.8/site-packages:/home/nvidia/f1tenth_ws/install/mouse_teleop/lib/python3.8/site-packages:/home/nvidia/f1tenth_ws/install/key_teleop/lib/python3.8/site-packages:/home/nvidia/f1tenth_ws/install/f1tenth_gym_ros/lib/python3.8/site-packages:/opt/ros/galactic/lib/python3.8/site-packages'), ('COLCON', '1'), ('VTE_VERSION', '6003'), ('CMAKE_PREFIX_PATH', '/home/nvidia/f1tenth_ws/install/vesc:/home/nvidia/f1tenth_ws/install/vesc_driver:/home/nvidia/f1tenth_ws/install/vesc_ackermann:/home/nvidia/f1tenth_ws/install/vesc_msgs:/home/nvidia/f1tenth_ws/install/teleop_tools:/home/nvidia/f1tenth_ws/install/teleop_tools_msgs:/home/nvidia/f1tenth_ws/install/range_lib:/home/nvidia/f1tenth_ws/install/pure_pursuit:/home/nvidia/f1tenth_ws/install/ackermann_mux:/home/nvidia/f1tenth_ws/install/f1tenth_stack:/home/nvidia/f1tenth_ws/install/joy_teleop:/home/nvidia/f1tenth_ws/install/particle_filter:/home/nvidia/f1tenth_ws/install/mouse_teleop:/home/nvidia/f1tenth_ws/install/key_teleop:/home/nvidia/f1tenth_ws/install/f1tenth_gym_ros:/opt/ros/galactic')]), 'shell': False}
[0.397904] (-) TimerEvent: {}
[0.500643] (-) TimerEvent: {}
[0.601979] (-) TimerEvent: {}
[0.703014] (-) TimerEvent: {}
[0.804006] (-) TimerEvent: {}
[0.904970] (-) TimerEvent: {}
[1.015970] (-) TimerEvent: {}
[1.116962] (-) TimerEvent: {}
[1.217918] (-) TimerEvent: {}
[1.322814] (-) TimerEvent: {}
[1.424168] (-) TimerEvent: {}
[1.525808] (-) TimerEvent: {}
[1.628055] (-) TimerEvent: {}
[1.710191] (pure_pursuit) StdoutLine: {'line': b'-- The C compiler identification is GNU 9.4.0\n'}
[1.728639] (-) TimerEvent: {}
[1.829505] (-) TimerEvent: {}
[1.930379] (-) TimerEvent: {}
[2.031242] (-) TimerEvent: {}
[2.132233] (-) TimerEvent: {}
[2.233096] (-) TimerEvent: {}
[2.334008] (-) TimerEvent: {}
[2.436405] (-) TimerEvent: {}
[2.501077] (pure_pursuit) StdoutLine: {'line': b'-- The CXX compiler identification is GNU 9.4.0\n'}
[2.536620] (-) TimerEvent: {}
[2.540604] (pure_pursuit) StdoutLine: {'line': b'-- Check for working C compiler: /usr/bin/cc\n'}
[2.637660] (-) TimerEvent: {}
[2.738603] (-) TimerEvent: {}
[2.839591] (-) TimerEvent: {}
[2.940729] (-) TimerEvent: {}
[3.041674] (-) TimerEvent: {}
[3.142711] (-) TimerEvent: {}
[3.243629] (-) TimerEvent: {}
[3.345946] (-) TimerEvent: {}
[3.446906] (-) TimerEvent: {}
[3.547877] (-) TimerEvent: {}
[3.644406] (pure_pursuit) StdoutLine: {'line': b'-- Check for working C compiler: /usr/bin/cc -- works\n'}
[3.649966] (-) TimerEvent: {}
[3.674194] (pure_pursuit) StdoutLine: {'line': b'-- Detecting C compiler ABI info\n'}
[3.751954] (-) TimerEvent: {}
[3.855219] (-) TimerEvent: {}
[3.958514] (-) TimerEvent: {}
[4.062023] (-) TimerEvent: {}
[4.164064] (-) TimerEvent: {}
[4.266498] (-) TimerEvent: {}
[4.369118] (-) TimerEvent: {}
[4.472454] (-) TimerEvent: {}
[4.573370] (-) TimerEvent: {}
[4.674385] (-) TimerEvent: {}
[4.775806] (-) TimerEvent: {}
[4.876636] (-) TimerEvent: {}
[4.979135] (-) TimerEvent: {}
[5.080238] (-) TimerEvent: {}
[5.139603] (pure_pursuit) StdoutLine: {'line': b'-- Detecting C compiler ABI info - done\n'}
[5.180476] (-) TimerEvent: {}
[5.281943] (-) TimerEvent: {}
[5.315843] (pure_pursuit) StdoutLine: {'line': b'-- Detecting C compile features\n'}
[5.318265] (pure_pursuit) StdoutLine: {'line': b'-- Detecting C compile features - done\n'}
[5.339618] (pure_pursuit) StdoutLine: {'line': b'-- Check for working CXX compiler: /usr/bin/c++\n'}
[5.382201] (-) TimerEvent: {}
[5.483150] (-) TimerEvent: {}
[5.584161] (-) TimerEvent: {}
[5.685074] (-) TimerEvent: {}
[5.786695] (-) TimerEvent: {}
[5.888919] (-) TimerEvent: {}
[5.990995] (-) TimerEvent: {}
[6.091980] (-) TimerEvent: {}
[6.193018] (-) TimerEvent: {}
[6.294004] (-) TimerEvent: {}
[6.332550] (pure_pursuit) StdoutLine: {'line': b'-- Check for working CXX compiler: /usr/bin/c++ -- works\n'}
[6.347121] (pure_pursuit) StdoutLine: {'line': b'-- Detecting CXX compiler ABI info\n'}
[6.394669] (-) TimerEvent: {}
[6.495672] (-) TimerEvent: {}
[6.596637] (-) TimerEvent: {}
[6.697613] (-) TimerEvent: {}
[6.798650] (-) TimerEvent: {}
[6.899645] (-) TimerEvent: {}
[7.000754] (-) TimerEvent: {}
[7.101760] (-) TimerEvent: {}
[7.202760] (-) TimerEvent: {}
[7.304008] (-) TimerEvent: {}
[7.404948] (-) TimerEvent: {}
[7.505979] (-) TimerEvent: {}
[7.540532] (pure_pursuit) StdoutLine: {'line': b'-- Detecting CXX compiler ABI info - done\n'}
[7.606193] (-) TimerEvent: {}
[7.653979] (pure_pursuit) StdoutLine: {'line': b'-- Detecting CXX compile features\n'}
[7.658454] (pure_pursuit) StdoutLine: {'line': b'-- Detecting CXX compile features - done\n'}
[7.690725] (pure_pursuit) StdoutLine: {'line': b'-- Found ament_cmake: 1.1.6 (/opt/ros/galactic/share/ament_cmake/cmake)\n'}
[7.706472] (-) TimerEvent: {}
[7.808212] (-) TimerEvent: {}
[7.909675] (-) TimerEvent: {}
[8.010655] (-) TimerEvent: {}
[8.082208] (pure_pursuit) StdoutLine: {'line': b'-- Found PythonInterp: /usr/bin/python3 (found suitable version "3.8.10", minimum required is "3") \n'}
[8.083655] (pure_pursuit) StdoutLine: {'line': b'-- Using PYTHON_EXECUTABLE: /usr/bin/python3\n'}
[8.110908] (-) TimerEvent: {}
[8.211823] (-) TimerEvent: {}
[8.312953] (-) TimerEvent: {}
[8.415261] (-) TimerEvent: {}
[8.516581] (-) TimerEvent: {}
[8.617465] (-) TimerEvent: {}
[8.718432] (-) TimerEvent: {}
[8.820299] (-) TimerEvent: {}
[8.921268] (-) TimerEvent: {}
[9.022813] (-) TimerEvent: {}
[9.124333] (-) TimerEvent: {}
[9.225450] (-) TimerEvent: {}
[9.326958] (-) TimerEvent: {}
[9.431989] (-) TimerEvent: {}
[9.488239] (pure_pursuit) StdoutLine: {'line': b'-- Found rclcpp: 9.2.2 (/opt/ros/galactic/share/rclcpp/cmake)\n'}
[9.532293] (-) TimerEvent: {}
[9.633195] (-) TimerEvent: {}
[9.734150] (-) TimerEvent: {}
[9.835041] (-) TimerEvent: {}
[9.936281] (-) TimerEvent: {}
[9.965593] (pure_pursuit) StdoutLine: {'line': b'-- Using all available rosidl_typesupport_c: rosidl_typesupport_fastrtps_c;rosidl_typesupport_introspection_c\n'}
[10.036504] (-) TimerEvent: {}
[10.053807] (pure_pursuit) StdoutLine: {'line': b'-- Found rosidl_adapter: 2.2.3 (/opt/ros/galactic/share/rosidl_adapter/cmake)\n'}
[10.138490] (-) TimerEvent: {}
[10.239376] (-) TimerEvent: {}
[10.340335] (-) TimerEvent: {}
[10.441823] (-) TimerEvent: {}
[10.542816] (-) TimerEvent: {}
[10.643917] (-) TimerEvent: {}
[10.745122] (-) TimerEvent: {}
[10.846118] (-) TimerEvent: {}
[10.947117] (-) TimerEvent: {}
[11.049003] (-) TimerEvent: {}
[11.164992] (-) TimerEvent: {}
[11.266216] (-) TimerEvent: {}
[11.368931] (-) TimerEvent: {}
[11.469960] (-) TimerEvent: {}
[11.572924] (-) TimerEvent: {}
[11.680951] (-) TimerEvent: {}
[11.784388] (-) TimerEvent: {}
[11.885899] (-) TimerEvent: {}
[11.954121] (pure_pursuit) StdoutLine: {'line': b'-- Found OpenSSL: /usr/lib/aarch64-linux-gnu/libcrypto.so (found version "1.1.1f")  \n'}
[11.986095] (-) TimerEvent: {}
[12.087024] (-) TimerEvent: {}
[12.187993] (-) TimerEvent: {}
[12.289995] (-) TimerEvent: {}
[12.390929] (-) TimerEvent: {}
[12.469293] (pure_pursuit) StdoutLine: {'line': b'-- Found FastRTPS: /opt/ros/galactic/include  \n'}
[12.491199] (-) TimerEvent: {}
[12.592270] (-) TimerEvent: {}
[12.694039] (-) TimerEvent: {}
[12.795210] (-) TimerEvent: {}
[12.897310] (-) TimerEvent: {}
[12.998337] (-) TimerEvent: {}
[13.100823] (-) TimerEvent: {}
[13.203224] (-) TimerEvent: {}
[13.304992] (-) TimerEvent: {}
[13.406188] (-) TimerEvent: {}
[13.507130] (-) TimerEvent: {}
[13.608050] (-) TimerEvent: {}
[13.615673] (pure_pursuit) StdoutLine: {'line': b'-- Using all available rosidl_typesupport_cpp: rosidl_typesupport_fastrtps_cpp;rosidl_typesupport_introspection_cpp\n'}
[13.709139] (-) TimerEvent: {}
[13.810466] (-) TimerEvent: {}
[13.911351] (-) TimerEvent: {}
[14.012790] (-) TimerEvent: {}
[14.113755] (-) TimerEvent: {}
[14.218220] (-) TimerEvent: {}
[14.319388] (-) TimerEvent: {}
[14.421530] (-) TimerEvent: {}
[14.522628] (-) TimerEvent: {}
[14.623627] (-) TimerEvent: {}
[14.724683] (-) TimerEvent: {}
[14.763847] (pure_pursuit) StdoutLine: {'line': b'-- Found rmw_implementation_cmake: 3.3.1 (/opt/ros/galactic/share/rmw_implementation_cmake/cmake)\n'}
[14.798733] (pure_pursuit) StdoutLine: {'line': b'-- Found rmw_cyclonedds_cpp: 0.22.6 (/opt/ros/galactic/share/rmw_cyclonedds_cpp/cmake)\n'}
[14.825027] (-) TimerEvent: {}
[14.926438] (-) TimerEvent: {}
[14.956093] (pure_pursuit) StdoutLine: {'line': b"-- Using RMW implementation 'rmw_cyclonedds_cpp' as default\n"}
[14.962624] (pure_pursuit) StdoutLine: {'line': b'-- Looking for pthread.h\n'}
[15.026694] (-) TimerEvent: {}
[15.127901] (-) TimerEvent: {}
[15.228850] (-) TimerEvent: {}
[15.329830] (-) TimerEvent: {}
[15.430730] (-) TimerEvent: {}
[15.531632] (-) TimerEvent: {}
[15.632683] (-) TimerEvent: {}
[15.733600] (-) TimerEvent: {}
[15.834451] (-) TimerEvent: {}
[15.935354] (-) TimerEvent: {}
[16.036293] (-) TimerEvent: {}
[16.137252] (-) TimerEvent: {}
[16.247717] (pure_pursuit) CommandEnded: {'returncode': -2}
[16.249945] (-) TimerEvent: {}
[16.289662] (pure_pursuit) StderrLine: {'line': b'Traceback (most recent call last):\n  File "/usr/lib/python3/dist-packages/colcon_parallel_executor/executor/parallel.py", line 67, in execute\n    loop.run_until_complete(future)\n  File "/usr/lib/python3.8/asyncio/base_events.py", line 603, in run_until_complete\n    self.run_forever()\n  File "/usr/lib/python3.8/asyncio/base_events.py", line 570, in run_forever\n    self._run_once()\n  File "/usr/lib/python3.8/asyncio/base_events.py", line 1823, in _run_once\n    event_list = self._selector.select(timeout)\n  File "/usr/lib/python3.8/selectors.py", line 468, in select\n    fd_event_list = self._selector.poll(timeout, max_ev)\nKeyboardInterrupt\n\nDuring handling of the above exception, another exception occurred:\n\nTraceback (most recent call last):\n  File "/usr/lib/python3/dist-packages/colcon_core/executor/__init__.py", line 91, in __call__\n    rc = await self.task(*args, **kwargs)\n  File "/usr/lib/python3/dist-packages/colcon_core/task/__init__.py", line 93, in __call__\n    return await task_method(*args, **kwargs)\n  File "/usr/lib/python3/dist-packages/colcon_ros/task/ament_cmake/build.py", line 59, in build\n    rc = await extension.build(\n  File "/usr/lib/python3/dist-packages/colcon_cmake/task/cmake/build.py", line 87, in build\n    rc = await self._reconfigure(args, env)\n  File "/usr/lib/python3/dist-packages/colcon_cmake/task/cmake/build.py", line 182, in _reconfigure\n    buildfile = get_buildfile(cmake_cache)\n  File "/usr/lib/python3/dist-packages/colcon_cmake/task/cmake/__init__.py", line 112, in get_buildfile\n    if \'Ninja\' in generator:\nTypeError: argument of type \'NoneType\' is not iterable\n'}
[16.292943] (pure_pursuit) JobEnded: {'identifier': 'pure_pursuit', 'rc': 'SIGINT'}
[16.325855] (-) EventReactorShutdown: {}
