[0.479s] Invoking command in '/home/nvidia/f1tenth_ws/build/pure_pursuit': CMAKE_PREFIX_PATH=${CMAKE_PREFIX_PATH}:/home/nvidia/f1tenth_ws/install/f1tenth_stack:/home/nvidia/f1tenth_ws/install/joy_teleop:/home/nvidia/f1tenth_ws/install/particle_filter:/home/nvidia/f1tenth_ws/install/mouse_teleop:/home/nvidia/f1tenth_ws/install/key_teleop:/home/nvidia/f1tenth_ws/install/f1tenth_gym_ros:/opt/ros/galactic /usr/bin/cmake /home/nvidia/f1tenth_ws/src/pure_pursuit -DCMAKE_INSTALL_PREFIX=/home/nvidia/f1tenth_ws/install/pure_pursuit
[2.092s] -- The C compiler identification is GNU 9.4.0
[3.385s] -- The CXX compiler identification is GNU 9.4.0
[3.494s] -- Check for working C compiler: /usr/bin/cc
[5.039s] -- Check for working C compiler: /usr/bin/cc -- works
[5.067s] -- Detecting C compiler ABI info
[6.366s] -- Detecting C compiler ABI info - done
[6.519s] -- Detecting C compile features
[6.525s] -- Detecting C compile features - done
[6.553s] -- Check for working CXX compiler: /usr/bin/c++
[8.121s] -- Check for working CXX compiler: /usr/bin/c++ -- works
[8.136s] -- Detecting CXX compiler ABI info
[9.236s] -- Detecting CXX compiler ABI info - done
[9.424s] -- Detecting CXX compile features
[9.428s] -- Detecting CXX compile features - done
[9.471s] -- Found ament_cmake: 1.1.6 (/opt/ros/galactic/share/ament_cmake/cmake)
[10.024s] -- Found PythonInterp: /usr/bin/python3 (found suitable version "3.8.10", minimum required is "3") 
[10.039s] -- Using PYTHON_EXECUTABLE: /usr/bin/python3
[11.881s] -- Found rclcpp: 9.2.2 (/opt/ros/galactic/share/rclcpp/cmake)
[13.148s] -- Using all available rosidl_typesupport_c: rosidl_typesupport_fastrtps_c;rosidl_typesupport_introspection_c
[13.274s] -- Found rosidl_adapter: 2.2.3 (/opt/ros/galactic/share/rosidl_adapter/cmake)
[15.301s] -- Found OpenSSL: /usr/lib/aarch64-linux-gnu/libcrypto.so (found version "1.1.1f")  
[15.729s] -- Found FastRTPS: /opt/ros/galactic/include  
[17.320s] -- Using all available rosidl_typesupport_cpp: rosidl_typesupport_fastrtps_cpp;rosidl_typesupport_introspection_cpp
[18.596s] -- Found rmw_implementation_cmake: 3.3.1 (/opt/ros/galactic/share/rmw_implementation_cmake/cmake)
[18.650s] -- Found rmw_cyclonedds_cpp: 0.22.6 (/opt/ros/galactic/share/rmw_cyclonedds_cpp/cmake)
[19.015s] -- Using RMW implementation 'rmw_cyclonedds_cpp' as default
[19.039s] -- Looking for pthread.h
[20.070s] -- Looking for pthread.h - found
[20.072s] -- Performing Test CMAKE_HAVE_LIBC_PTHREAD
[21.274s] -- Performing Test CMAKE_HAVE_LIBC_PTHREAD - Failed
[21.276s] -- Looking for pthread_create in pthreads
[22.596s] -- Looking for pthread_create in pthreads - not found
[22.601s] -- Looking for pthread_create in pthread
[23.633s] -- Looking for pthread_create in pthread - found
[23.645s] -- Found Threads: TRUE  
[25.505s] -- Found rclpy: 1.9.3 (/opt/ros/galactic/share/rclpy/cmake)
[25.594s] -- Found geometry_msgs: 2.2.4 (/opt/ros/galactic/share/geometry_msgs/cmake)
[25.866s] -- Found nav_msgs: 2.2.4 (/opt/ros/galactic/share/nav_msgs/cmake)
[26.542s] -- Found ackermann_msgs: 2.0.2 (/opt/ros/galactic/share/ackermann_msgs/cmake)
[27.002s] -- Found sensor_msgs: 2.2.4 (/opt/ros/galactic/share/sensor_msgs/cmake)
[28.240s] -- Found visualization_msgs: 2.2.4 (/opt/ros/galactic/share/visualization_msgs/cmake)
[28.943s] -- Found tf2_ros: 0.17.5 (/opt/ros/galactic/share/tf2_ros/cmake)
[37.419s] -- Found ament_lint_auto: 0.10.7 (/opt/ros/galactic/share/ament_lint_auto/cmake)
[38.683s] -- Added test 'copyright' to check source files copyright and LICENSE
[38.721s] -- Added test 'cppcheck' to perform static code analysis on C / C++ code
[38.727s] -- Configured cppcheck include dirs: /home/nvidia/f1tenth_ws/src/pure_pursuit/include
[38.728s] -- Configured cppcheck exclude dirs and/or files: 
[38.809s] -- Added test 'cpplint' to check C / C++ code against the Google style
[38.810s] -- Configured cpplint exclude dirs and/or files: 
[38.817s] -- Added test 'flake8' to check Python code syntax and style conventions
[38.829s] -- Added test 'lint_cmake' to check CMake code style
[38.842s] -- Added test 'pep257' to check Python code against some of the style conventions in PEP 257
[38.912s] -- Added test 'uncrustify' to check C / C++ code style
[38.912s] -- Configured uncrustify additional arguments: 
[38.976s] -- Added test 'xmllint' to check XML markup files
[39.183s] -- Configuring done
[39.434s] -- Generating done
[39.521s] -- Build files have been written to: /home/nvidia/f1tenth_ws/build/pure_pursuit
[39.617s] Invoked command in '/home/nvidia/f1tenth_ws/build/pure_pursuit' returned '0': CMAKE_PREFIX_PATH=${CMAKE_PREFIX_PATH}:/home/nvidia/f1tenth_ws/install/f1tenth_stack:/home/nvidia/f1tenth_ws/install/joy_teleop:/home/nvidia/f1tenth_ws/install/particle_filter:/home/nvidia/f1tenth_ws/install/mouse_teleop:/home/nvidia/f1tenth_ws/install/key_teleop:/home/nvidia/f1tenth_ws/install/f1tenth_gym_ros:/opt/ros/galactic /usr/bin/cmake /home/nvidia/f1tenth_ws/src/pure_pursuit -DCMAKE_INSTALL_PREFIX=/home/nvidia/f1tenth_ws/install/pure_pursuit
[39.634s] Invoking command in '/home/nvidia/f1tenth_ws/build/pure_pursuit': CMAKE_PREFIX_PATH=${CMAKE_PREFIX_PATH}:/home/nvidia/f1tenth_ws/install/f1tenth_stack:/home/nvidia/f1tenth_ws/install/joy_teleop:/home/nvidia/f1tenth_ws/install/particle_filter:/home/nvidia/f1tenth_ws/install/mouse_teleop:/home/nvidia/f1tenth_ws/install/key_teleop:/home/nvidia/f1tenth_ws/install/f1tenth_gym_ros:/opt/ros/galactic /usr/bin/cmake --build /home/nvidia/f1tenth_ws/build/pure_pursuit -- -j6 -l6
[40.089s] -- Found ament_cmake: 1.1.6 (/opt/ros/galactic/share/ament_cmake/cmake)
[40.620s] -- Using PYTHON_EXECUTABLE: /usr/bin/python3
[41.652s] -- Found rclcpp: 9.2.2 (/opt/ros/galactic/share/rclcpp/cmake)
[42.400s] -- Using all available rosidl_typesupport_c: rosidl_typesupport_fastrtps_c;rosidl_typesupport_introspection_c
[42.455s] -- Found rosidl_adapter: 2.2.3 (/opt/ros/galactic/share/rosidl_adapter/cmake)
[44.416s] -- Using all available rosidl_typesupport_cpp: rosidl_typesupport_fastrtps_cpp;rosidl_typesupport_introspection_cpp
[44.956s] -- Found rmw_implementation_cmake: 3.3.1 (/opt/ros/galactic/share/rmw_implementation_cmake/cmake)
[44.972s] -- Found rmw_cyclonedds_cpp: 0.22.6 (/opt/ros/galactic/share/rmw_cyclonedds_cpp/cmake)
[45.117s] -- Using RMW implementation 'rmw_cyclonedds_cpp' as default
[46.727s] -- Found rclpy: 1.9.3 (/opt/ros/galactic/share/rclpy/cmake)
[46.731s] -- Found geometry_msgs: 2.2.4 (/opt/ros/galactic/share/geometry_msgs/cmake)
[47.058s] -- Found nav_msgs: 2.2.4 (/opt/ros/galactic/share/nav_msgs/cmake)
[47.488s] -- Found ackermann_msgs: 2.0.2 (/opt/ros/galactic/share/ackermann_msgs/cmake)
[47.667s] -- Found sensor_msgs: 2.2.4 (/opt/ros/galactic/share/sensor_msgs/cmake)
[48.403s] -- Found visualization_msgs: 2.2.4 (/opt/ros/galactic/share/visualization_msgs/cmake)
[49.099s] -- Found tf2_ros: 0.17.5 (/opt/ros/galactic/share/tf2_ros/cmake)
[52.592s] -- Found ament_lint_auto: 0.10.7 (/opt/ros/galactic/share/ament_lint_auto/cmake)
[53.762s] -- Added test 'copyright' to check source files copyright and LICENSE
[53.815s] -- Added test 'cppcheck' to perform static code analysis on C / C++ code
[53.820s] -- Configured cppcheck include dirs: /home/nvidia/f1tenth_ws/src/pure_pursuit/include
[53.821s] -- Configured cppcheck exclude dirs and/or files: 
[53.842s] -- Added test 'cpplint' to check C / C++ code against the Google style
[53.843s] -- Configured cpplint exclude dirs and/or files: 
[53.854s] -- Added test 'flake8' to check Python code syntax and style conventions
[53.865s] -- Added test 'lint_cmake' to check CMake code style
[53.869s] -- Added test 'pep257' to check Python code against some of the style conventions in PEP 257
[53.896s] -- Added test 'uncrustify' to check C / C++ code style
[53.897s] -- Configured uncrustify additional arguments: 
[53.898s] -- Added test 'xmllint' to check XML markup files
[53.932s] -- Configuring done
[54.140s] -- Generating done
[54.171s] -- Build files have been written to: /home/nvidia/f1tenth_ws/build/pure_pursuit
[54.737s] [35m[1mScanning dependencies of target ament_cmake_python_copy_pure_pursuit[0m
[55.056s] [  0%] Built target ament_cmake_python_copy_pure_pursuit
[55.257s] [35m[1mScanning dependencies of target pure_pursuit_node[0m
[56.759s] [ 50%] [32mBuilding CXX object CMakeFiles/pure_pursuit_node.dir/src/pure_pursuit_node.cpp.o[0m
[93.032s] [01m[K/home/nvidia/f1tenth_ws/src/pure_pursuit/src/pure_pursuit_node.cpp:[m[K In member function â€˜[01m[Kvoid PurePursuit::scan_callback(sensor_msgs::msg::LaserScan_<std::allocator<void> >::ConstSharedPtr)[m[Kâ€™:
[93.033s] [01m[K/home/nvidia/f1tenth_ws/src/pure_pursuit/src/pure_pursuit_node.cpp:110:23:[m[K [01;35m[Kwarning: [m[Kcomparison of integer expressions of different signedness: â€˜[01m[Kint[m[Kâ€™ and â€˜[01m[Kstd::vector<float>::size_type[m[Kâ€™ {aka â€˜[01m[Klong unsigned int[m[Kâ€™} [[01;35m[K-Wsign-compare[m[K]
[93.034s]   110 |         for (int i=0;[01;35m[Ki<ranges.size()[m[K;i++){
[93.034s]       |                      [01;35m[K~^~~~~~~~~~~~~~[m[K
[93.042s] [01m[K/home/nvidia/f1tenth_ws/src/pure_pursuit/src/pure_pursuit_node.cpp:112:17:[m[K [01;31m[Kerror: [m[Kâ€˜[01m[Kangle[m[Kâ€™ was not declared in this scope; did you mean â€˜[01m[Ktf2::angle[m[Kâ€™?
[93.043s]   112 |                 [01;31m[Kangle[m[K[i] = angle_min + i*angle_increment;
[93.043s]       |                 [01;31m[K^~~~~[m[K
[93.044s]       |                 [32m[Ktf2::angle[m[K
[93.044s] In file included from [01m[K/opt/ros/galactic/include/tf2/LinearMath/Matrix3x3.h:20[m[K,
[93.045s]                  from [01m[K/home/nvidia/f1tenth_ws/src/pure_pursuit/src/pure_pursuit_node.cpp:17[m[K:
[93.045s] [01m[K/opt/ros/galactic/include/tf2/LinearMath/Quaternion.h:410:1:[m[K [01;36m[Knote: [m[Kâ€˜[01m[Ktf2::angle[m[Kâ€™ declared here
[93.046s]   410 | [01;36m[Kangle[m[K(const Quaternion& q1, const Quaternion& q2)
[93.046s]       | [01;36m[K^~~~~[m[K
[93.097s] [01m[K/home/nvidia/f1tenth_ws/src/pure_pursuit/src/pure_pursuit_node.cpp:113:17:[m[K [01;31m[Kerror: [m[Kâ€˜[01m[Kvel[m[Kâ€™ was not declared in this scope
[93.097s]   113 |                 [01;31m[Kvel[m[K[i] = max(velocity*cos(angle[i]),0.001)
[93.098s]       |                 [01;31m[K^~~[m[K
[93.233s] [01m[K/home/nvidia/f1tenth_ws/src/pure_pursuit/src/pure_pursuit_node.cpp:115:17:[m[K [01;31m[Kerror: [m[Kâ€˜[01m[Kttc_threshold[m[Kâ€™ was not declared in this scope
[93.233s]   115 |                 [01;31m[Kttc_threshold[m[K = 1.5;
[93.234s]       |                 [01;31m[K^~~~~~~~~~~~~[m[K
[93.516s] [01m[K/home/nvidia/f1tenth_ws/src/pure_pursuit/src/pure_pursuit_node.cpp:[m[K In member function â€˜[01m[Kvoid PurePursuit::pose_callback(nav_msgs::msg::Odometry_<std::allocator<void> >::ConstSharedPtr)[m[Kâ€™:
[93.516s] [01m[K/home/nvidia/f1tenth_ws/src/pure_pursuit/src/pure_pursuit_node.cpp:149:23:[m[K [01;35m[Kwarning: [m[Kcomparison of integer expressions of different signedness: â€˜[01m[Kint[m[Kâ€™ and â€˜[01m[Kstd::vector<std::vector<double, std::allocator<double> > >::size_type[m[Kâ€™ {aka â€˜[01m[Klong unsigned int[m[Kâ€™} [[01;35m[K-Wsign-compare[m[K]
[93.517s]   149 |         for(int i=0; [01;35m[Ki<waypoints.size()[m[K; ++i)
[93.517s]       |                      [01;35m[K~^~~~~~~~~~~~~~~~~[m[K
[93.593s] [01m[K/home/nvidia/f1tenth_ws/src/pure_pursuit/src/pure_pursuit_node.cpp:[m[K In member function â€˜[01m[Kvoid PurePursuit::visualize_path_points()[m[Kâ€™:
[93.594s] [01m[K/home/nvidia/f1tenth_ws/src/pure_pursuit/src/pure_pursuit_node.cpp:213:23:[m[K [01;35m[Kwarning: [m[Kcomparison of integer expressions of different signedness: â€˜[01m[Kint[m[Kâ€™ and â€˜[01m[Kstd::vector<std::vector<double, std::allocator<double> > >::size_type[m[Kâ€™ {aka â€˜[01m[Klong unsigned int[m[Kâ€™} [[01;35m[K-Wsign-compare[m[K]
[93.594s]   213 |         for(int i=0; [01;35m[Ki<waypoints.size()[m[K; ++i)
[93.595s]       |                      [01;35m[K~^~~~~~~~~~~~~~~~~[m[K
[133.687s] make[2]: *** [CMakeFiles/pure_pursuit_node.dir/build.make:63: CMakeFiles/pure_pursuit_node.dir/src/pure_pursuit_node.cpp.o] Error 1
[133.691s] make[1]: *** [CMakeFiles/Makefile2:164: CMakeFiles/pure_pursuit_node.dir/all] Error 2
[133.692s] make: *** [Makefile:141: all] Error 2
[133.713s] Invoked command in '/home/nvidia/f1tenth_ws/build/pure_pursuit' returned '2': CMAKE_PREFIX_PATH=${CMAKE_PREFIX_PATH}:/home/nvidia/f1tenth_ws/install/f1tenth_stack:/home/nvidia/f1tenth_ws/install/joy_teleop:/home/nvidia/f1tenth_ws/install/particle_filter:/home/nvidia/f1tenth_ws/install/mouse_teleop:/home/nvidia/f1tenth_ws/install/key_teleop:/home/nvidia/f1tenth_ws/install/f1tenth_gym_ros:/opt/ros/galactic /usr/bin/cmake --build /home/nvidia/f1tenth_ws/build/pure_pursuit -- -j6 -l6
